Log file open, 11/01/20 03:44:00
LogInit: Display: Running engine for game: SurvivalHorror
LogPlatformFile: Not using cached read wrapper
LogTaskGraph: Started task graph with 5 named threads and 47 total threads with 3 sets of task threads.
LogStats: Stats thread started at 0.196819
LogD3D11RHI: Loaded GFSDK_Aftermath_Lib.x64.dll
LogICUInternationalization: ICU TimeZone Detection - Raw Offset: -3:00, Platform Override: ''
LogPluginManager: Mounting plugin Paper2D
LogPluginManager: Mounting plugin AISupport
LogPluginManager: Mounting plugin LightPropagationVolume
LogPluginManager: Mounting plugin CameraShakePreviewer
LogPluginManager: Mounting plugin ActorLayerUtilities
LogPluginManager: Mounting plugin AnimationSharing
LogPluginManager: Mounting plugin CLionSourceCodeAccess
LogPluginManager: Mounting plugin CodeLiteSourceCodeAccess
LogPluginManager: Mounting plugin GitSourceControl
LogPluginManager: Mounting plugin KDevelopSourceCodeAccess
LogPluginManager: Mounting plugin NullSourceCodeAccess
LogPluginManager: Mounting plugin PerforceSourceControl
LogPluginManager: Mounting plugin PlasticSourceControl
LogPluginManager: Mounting plugin RiderSourceCodeAccess
LogPluginManager: Mounting plugin SubversionSourceControl
LogPluginManager: Mounting plugin UObjectPlugin
LogPluginManager: Mounting plugin VisualStudioCodeSourceCodeAccess
LogPluginManager: Mounting plugin VisualStudioSourceCodeAccess
LogPluginManager: Mounting plugin XCodeSourceCodeAccess
LogPluginManager: Mounting plugin AssetManagerEditor
LogPluginManager: Mounting plugin CryptoKeys
LogPluginManager: Mounting plugin CurveEditorTools
LogPluginManager: Mounting plugin DataValidation
LogPluginManager: Mounting plugin EditorScriptingUtilities
LogPluginManager: Mounting plugin FacialAnimation
LogPluginManager: Mounting plugin GameplayTagsEditor
LogPluginManager: Mounting plugin GeometryMode
LogPluginManager: Mounting plugin MacGraphicsSwitching
LogPluginManager: Mounting plugin MaterialAnalyzer
LogPluginManager: Mounting plugin MobileLauncherProfileWizard
LogPluginManager: Mounting plugin PluginBrowser
LogPluginManager: Mounting plugin SpeedTreeImporter
LogPluginManager: Mounting plugin DatasmithContent
LogPluginManager: Mounting plugin VariantManagerContent
LogPluginManager: Mounting plugin AlembicImporter
LogPluginManager: Mounting plugin AutomationUtils
LogPluginManager: Mounting plugin BackChannel
LogPluginManager: Mounting plugin ChaosCloth
LogPluginManager: Mounting plugin ChaosClothEditor
LogPluginManager: Mounting plugin ChaosEditor
LogPluginManager: Mounting plugin ChaosNiagara
LogPluginManager: Mounting plugin ChaosSolverPlugin
LogPluginManager: Mounting plugin CharacterAI
LogPluginManager: Mounting plugin GeometryCache
LogPluginManager: Mounting plugin GeometryCollectionPlugin
LogPluginManager: Mounting plugin GeometryProcessing
LogPluginManager: Mounting plugin PlanarCut
LogPluginManager: Mounting plugin PlatformCrypto
LogPluginManager: Mounting plugin ProxyLODPlugin
LogPluginManager: Mounting plugin SkeletalReduction
LogPluginManager: Mounting plugin Niagara
LogPluginManager: Mounting plugin MagicLeap
LogPluginManager: Mounting plugin MagicLeapLightEstimation
LogPluginManager: Mounting plugin MagicLeapMedia
LogPluginManager: Mounting plugin MagicLeapPassableWorld
LogPluginManager: Mounting plugin MLSDK
LogPluginManager: Mounting plugin AndroidMedia
LogPluginManager: Mounting plugin AvfMedia
LogPluginManager: Mounting plugin ImgMedia
LogPluginManager: Mounting plugin MediaCompositing
LogPluginManager: Mounting plugin MediaPlayerEditor
LogPluginManager: Mounting plugin WebMMedia
LogPluginManager: Mounting plugin WmfMedia
LogPluginManager: Mounting plugin MeshPainting
LogPluginManager: Mounting plugin TcpMessaging
LogPluginManager: Mounting plugin UdpMessaging
LogPluginManager: Mounting plugin ActorSequence
LogPluginManager: Mounting plugin LevelSequenceEditor
LogPluginManager: Mounting plugin MatineeToLevelSequence
LogPluginManager: Mounting plugin MovieRenderPipeline
LogPluginManager: Mounting plugin TemplateSequence
LogPluginManager: Mounting plugin NetcodeUnitTest
LogPluginManager: Mounting plugin NUTUnrealEngine4
LogPluginManager: Mounting plugin OnlineSubsystemGooglePlay
LogPluginManager: Mounting plugin OnlineSubsystemIOS
LogPluginManager: Mounting plugin OnlineSubsystem
LogPluginManager: Mounting plugin OnlineSubsystemNull
LogPluginManager: Mounting plugin OnlineSubsystemUtils
LogPluginManager: Mounting plugin LauncherChunkInstaller
LogPluginManager: Mounting plugin AndroidDeviceProfileSelector
LogPluginManager: Mounting plugin AndroidMoviePlayer
LogPluginManager: Mounting plugin AndroidPermission
LogPluginManager: Mounting plugin AppleImageUtils
LogPluginManager: Mounting plugin AppleMoviePlayer
LogPluginManager: Mounting plugin ArchVisCharacter
LogPluginManager: Mounting plugin AssetTags
LogPluginManager: Mounting plugin AudioCapture
LogPluginManager: Mounting plugin CableComponent
LogPluginManager: Mounting plugin CustomMeshComponent
LogPluginManager: Mounting plugin EditableMesh
LogPluginManager: Mounting plugin ExampleDeviceProfileSelector
LogPluginManager: Mounting plugin GoogleCloudMessaging
LogPluginManager: Mounting plugin GooglePAD
LogPluginManager: Mounting plugin IOSDeviceProfileSelector
LogPluginManager: Mounting plugin LinuxDeviceProfileSelector
LogPluginManager: Mounting plugin LocationServicesBPLibrary
LogPluginManager: Mounting plugin MobilePatchingUtils
LogPluginManager: Mounting plugin OculusVR
LogPluginManager: Mounting plugin PhysXVehicles
LogPluginManager: Mounting plugin PostSplashScreen
LogPluginManager: Mounting plugin ProceduralMeshComponent
LogPluginManager: Mounting plugin RuntimePhysXCooking
LogPluginManager: Mounting plugin SignificanceManager
LogPluginManager: Mounting plugin SoundFields
LogPluginManager: Mounting plugin SteamVR
LogPluginManager: Mounting plugin Synthesis
LogPluginManager: Mounting plugin WebMMoviePlayer
LogPluginManager: Mounting plugin WindowsMoviePlayer
LogPluginManager: Mounting plugin ScreenshotTools
LogInit: Using libcurl 7.55.1-DEV
LogInit:  - built for x86_64-pc-win32
LogInit:  - supports SSL with OpenSSL/1.1.1
LogInit:  - supports HTTP deflate (compression) using libz 1.2.8
LogInit:  - other features:
LogInit:      CURL_VERSION_SSL
LogInit:      CURL_VERSION_LIBZ
LogInit:      CURL_VERSION_IPV6
LogInit:      CURL_VERSION_ASYNCHDNS
LogInit:      CURL_VERSION_LARGEFILE
LogInit:      CURL_VERSION_IDN
LogInit:  CurlRequestOptions (configurable via config and command line):
LogInit:  - bVerifyPeer = true  - Libcurl will verify peer certificate
LogInit:  - bUseHttpProxy = false  - Libcurl will NOT use HTTP proxy
LogInit:  - bDontReuseConnections = false  - Libcurl will reuse connections
LogInit:  - MaxHostConnections = 16  - Libcurl will limit the number of connections to a host
LogInit:  - LocalHostAddr = Default
LogInit:  - BufferSize = 65536
LogOnline: OSS: Creating online subsystem instance for: NULL
LogInit: WinSock: version 1.1 (2.2), MaxSocks=32767, MaxUdp=65467
LogOnline: OSS: TryLoadSubsystemAndSetDefault: Loaded subsystem for module [NULL]
LogInit: Build: ++UE4+Release-4.25-CL-14469661
LogInit: Engine Version: 4.25.4-14469661+++UE4+Release-4.25
LogInit: Compatible Engine Version: 4.25.0-13144385+++UE4+Release-4.25
LogInit: Net CL: 13144385
LogInit: OS: Windows 10 (Release 2004) (), CPU: Intel(R) Core(TM) i9-9880H CPU @ 2.30GHz, GPU: AMD Radeon Pro 5500M
LogInit: Compiled (64-bit): Oct 11 2020 08:10:49
LogInit: Compiled with Visual C++: 19.24.28315.00
LogInit: Build Configuration: Development
LogInit: Branch Name: ++UE4+Release-4.25
LogInit: Command Line: 
LogInit: Base Directory: C:/Program Files/Epic Games/UE_4.25/Engine/Binaries/Win64/
LogInit: Allocator: TBB
LogInit: Installed Engine Build: 1
LogDevObjectVersion: Number of dev versions registered: 26
LogDevObjectVersion:   Dev-Blueprints (B0D832E4-1F89-4F0D-ACCF-7EB736FD4AA2): 10
LogDevObjectVersion:   Dev-Build (E1C64328-A22C-4D53-A36C-8E866417BD8C): 0
LogDevObjectVersion:   Dev-Core (375EC13C-06E4-48FB-B500-84F0262A717E): 4
LogDevObjectVersion:   Dev-Editor (E4B068ED-F494-42E9-A231-DA0B2E46BB41): 38
LogDevObjectVersion:   Dev-Framework (CFFC743F-43B0-4480-9391-14DF171D2073): 37
LogDevObjectVersion:   Dev-Mobile (B02B49B5-BB20-44E9-A304-32B752E40360): 2
LogDevObjectVersion:   Dev-Networking (A4E4105C-59A1-49B5-A7C5-40C4547EDFEE): 0
LogDevObjectVersion:   Dev-Online (39C831C9-5AE6-47DC-9A44-9C173E1C8E7C): 0
LogDevObjectVersion:   Dev-Physics (78F01B33-EBEA-4F98-B9B4-84EACCB95AA2): 4
LogDevObjectVersion:   Dev-Platform (6631380F-2D4D-43E0-8009-CF276956A95A): 0
LogDevObjectVersion:   Dev-Rendering (12F88B9F-8875-4AFC-A67C-D90C383ABD29): 43
LogDevObjectVersion:   Dev-Sequencer (7B5AE74C-D270-4C10-A958-57980B212A5A): 12
LogDevObjectVersion:   Dev-VR (D7296918-1DD6-4BDD-9DE2-64A83CC13884): 3
LogDevObjectVersion:   Dev-LoadTimes (C2A15278-BFE7-4AFE-6C17-90FF531DF755): 1
LogDevObjectVersion:   Private-Geometry (6EACA3D4-40EC-4CC1-B786-8BED09428FC5): 3
LogDevObjectVersion:   Dev-AnimPhys (29E575DD-E0A3-4627-9D10-D276232CDCEA): 17
LogDevObjectVersion:   Dev-Anim (AF43A65D-7FD3-4947-9873-3E8ED9C1BB05): 7
LogDevObjectVersion:   Dev-ReflectionCapture (6B266CEC-1EC7-4B8F-A30B-E4D90942FC07): 1
LogDevObjectVersion:   Dev-Automation (0DF73D61-A23F-47EA-B727-89E90C41499A): 1
LogDevObjectVersion:   FortniteMain (601D1886-AC64-4F84-AA16-D3DE0DEAC7D6): 31
LogDevObjectVersion:   Dev-Enterprise (9DFFBCD6-494F-0158-E221-12823C92A888): 10
LogDevObjectVersion:   Dev-Niagara (F2AED0AC-9AFE-416F-8664-AA7FFA26D6FC): 1
LogDevObjectVersion:   Dev-Destruction (174F1F0B-B4C6-45A5-B13F-2EE8D0FB917D): 10
LogDevObjectVersion:   Dev-Physics-Ext (35F94A83-E258-406C-A318-09F59610247C): 37
LogDevObjectVersion:   Dev-PhysicsMaterial-Chaos (B68FC16E-8B1B-42E2-B453-215C058844FE): 1
LogDevObjectVersion:   Dev-CineCamera (B2E18506-4273-CFC2-A54E-F4BB758BBA07): 1
LogInit: Presizing for max 25165824 objects, including 0 objects not considered by GC, pre-allocating 0 bytes for permanent pool.
LogConfig: Applying CVar settings from Section [/Script/Engine.StreamingSettings] File [C:/Users/6884423/Documents/Unreal Projects/SurvivalHorror/Saved/Config/Windows/Engine.ini]
LogConfig: Setting CVar [[s.MinBulkDataSizeForAsyncLoading:131072]]
LogConfig: Setting CVar [[s.AsyncLoadingThreadEnabled:0]]
LogConfig: Setting CVar [[s.EventDrivenLoaderEnabled:1]]
LogConfig: Setting CVar [[s.WarnIfTimeLimitExceeded:0]]
LogConfig: Setting CVar [[s.TimeLimitExceededMultiplier:1.5]]
LogConfig: Setting CVar [[s.TimeLimitExceededMinTime:0.005]]
LogConfig: Setting CVar [[s.UseBackgroundLevelStreaming:1]]
LogConfig: Setting CVar [[s.PriorityAsyncLoadingExtraTime:15.0]]
LogConfig: Setting CVar [[s.LevelStreamingActorsUpdateTimeLimit:5.0]]
LogConfig: Setting CVar [[s.PriorityLevelStreamingActorsUpdateExtraTime:5.0]]
LogConfig: Setting CVar [[s.LevelStreamingComponentsRegistrationGranularity:10]]
LogConfig: Setting CVar [[s.UnregisterComponentsTimeLimit:1.0]]
LogConfig: Setting CVar [[s.LevelStreamingComponentsUnregistrationGranularity:5]]
LogConfig: Setting CVar [[s.FlushStreamingOnExit:1]]
LogInit: Object subsystem initialized
LogConfig: Setting CVar [[con.DebugEarlyDefault:1]]
LogConfig: Setting CVar [[r.setres:1280x720]]
[2020.11.01-06.44.01:284][  0]LogConfig: Setting CVar [[r.VSync:0]]
[2020.11.01-06.44.01:284][  0]LogConfig: Setting CVar [[r.RHICmdBypass:0]]
[2020.11.01-06.44.01:284][  0]LogConfig: Applying CVar settings from Section [/Script/Engine.RendererSettings] File [C:/Users/6884423/Documents/Unreal Projects/SurvivalHorror/Saved/Config/Windows/Engine.ini]
[2020.11.01-06.44.01:284][  0]LogConfig: Setting CVar [[r.GPUCrashDebugging:0]]
[2020.11.01-06.44.01:284][  0]LogConfig: Applying CVar settings from Section [/Script/Engine.RendererOverrideSettings] File [C:/Users/6884423/Documents/Unreal Projects/SurvivalHorror/Saved/Config/Windows/Engine.ini]
[2020.11.01-06.44.01:284][  0]LogConfig: Applying CVar settings from Section [/Script/Engine.StreamingSettings] File [C:/Users/6884423/Documents/Unreal Projects/SurvivalHorror/Saved/Config/Windows/Engine.ini]
[2020.11.01-06.44.01:284][  0]LogConfig: Setting CVar [[s.MinBulkDataSizeForAsyncLoading:131072]]
[2020.11.01-06.44.01:284][  0]LogConfig: Setting CVar [[s.AsyncLoadingThreadEnabled:0]]
[2020.11.01-06.44.01:284][  0]LogConfig: Setting CVar [[s.EventDrivenLoaderEnabled:1]]
[2020.11.01-06.44.01:284][  0]LogConfig: Setting CVar [[s.WarnIfTimeLimitExceeded:0]]
[2020.11.01-06.44.01:284][  0]LogConfig: Setting CVar [[s.TimeLimitExceededMultiplier:1.5]]
[2020.11.01-06.44.01:284][  0]LogConfig: Setting CVar [[s.TimeLimitExceededMinTime:0.005]]
[2020.11.01-06.44.01:284][  0]LogConfig: Setting CVar [[s.UseBackgroundLevelStreaming:1]]
[2020.11.01-06.44.01:284][  0]LogConfig: Setting CVar [[s.PriorityAsyncLoadingExtraTime:15.0]]
[2020.11.01-06.44.01:284][  0]LogConfig: Setting CVar [[s.LevelStreamingActorsUpdateTimeLimit:5.0]]
[2020.11.01-06.44.01:284][  0]LogConfig: Setting CVar [[s.PriorityLevelStreamingActorsUpdateExtraTime:5.0]]
[2020.11.01-06.44.01:284][  0]LogConfig: Setting CVar [[s.LevelStreamingComponentsRegistrationGranularity:10]]
[2020.11.01-06.44.01:284][  0]LogConfig: Setting CVar [[s.UnregisterComponentsTimeLimit:1.0]]
[2020.11.01-06.44.01:284][  0]LogConfig: Setting CVar [[s.LevelStreamingComponentsUnregistrationGranularity:5]]
[2020.11.01-06.44.01:284][  0]LogConfig: Setting CVar [[s.FlushStreamingOnExit:1]]
[2020.11.01-06.44.01:284][  0]LogConfig: Applying CVar settings from Section [/Script/Engine.GarbageCollectionSettings] File [C:/Users/6884423/Documents/Unreal Projects/SurvivalHorror/Saved/Config/Windows/Engine.ini]
[2020.11.01-06.44.01:284][  0]LogConfig: Setting CVar [[gc.MaxObjectsNotConsideredByGC:1]]
[2020.11.01-06.44.01:284][  0]LogConfig: Setting CVar [[gc.SizeOfPermanentObjectPool:0]]
[2020.11.01-06.44.01:284][  0]LogConfig: Setting CVar [[gc.FlushStreamingOnGC:0]]
[2020.11.01-06.44.01:284][  0]LogConfig: Setting CVar [[gc.NumRetriesBeforeForcingGC:10]]
[2020.11.01-06.44.01:285][  0]LogConfig: Setting CVar [[gc.AllowParallelGC:1]]
[2020.11.01-06.44.01:285][  0]LogConfig: Setting CVar [[gc.TimeBetweenPurgingPendingKillObjects:61.1]]
[2020.11.01-06.44.01:285][  0]LogConfig: Setting CVar [[gc.MaxObjectsInEditor:25165824]]
[2020.11.01-06.44.01:285][  0]LogConfig: Setting CVar [[gc.IncrementalBeginDestroyEnabled:1]]
[2020.11.01-06.44.01:285][  0]LogConfig: Setting CVar [[gc.CreateGCClusters:1]]
[2020.11.01-06.44.01:285][  0]LogConfig: Setting CVar [[gc.MinGCClusterSize:5]]
[2020.11.01-06.44.01:285][  0]LogConfig: Setting CVar [[gc.ActorClusteringEnabled:0]]
[2020.11.01-06.44.01:285][  0]LogConfig: Setting CVar [[gc.BlueprintClusteringEnabled:0]]
[2020.11.01-06.44.01:285][  0]LogConfig: Setting CVar [[gc.UseDisregardForGCOnDedicatedServers:0]]
[2020.11.01-06.44.01:285][  0]LogConfig: Applying CVar settings from Section [/Script/Engine.NetworkSettings] File [C:/Users/6884423/Documents/Unreal Projects/SurvivalHorror/Saved/Config/Windows/Engine.ini]
[2020.11.01-06.44.01:285][  0]LogConfig: Applying CVar settings from Section [/Script/UnrealEd.CookerSettings] File [C:/Users/6884423/Documents/Unreal Projects/SurvivalHorror/Saved/Config/Windows/Engine.ini]
[2020.11.01-06.44.01:296][  0]LogConfig: Applying CVar settings from Section [ViewDistanceQuality@3] File [C:/Users/6884423/Documents/Unreal Projects/SurvivalHorror/Saved/Config/Windows/Scalability.ini]
[2020.11.01-06.44.01:297][  0]LogConfig: Setting CVar [[r.SkeletalMeshLODBias:0]]
[2020.11.01-06.44.01:297][  0]LogConfig: Setting CVar [[r.ViewDistanceScale:1.0]]
[2020.11.01-06.44.01:297][  0]LogConfig: Applying CVar settings from Section [AntiAliasingQuality@3] File [C:/Users/6884423/Documents/Unreal Projects/SurvivalHorror/Saved/Config/Windows/Scalability.ini]
[2020.11.01-06.44.01:297][  0]LogConfig: Setting CVar [[r.PostProcessAAQuality:4]]
[2020.11.01-06.44.01:297][  0]LogConfig: Applying CVar settings from Section [ShadowQuality@3] File [C:/Users/6884423/Documents/Unreal Projects/SurvivalHorror/Saved/Config/Windows/Scalability.ini]
[2020.11.01-06.44.01:297][  0]LogConfig: Setting CVar [[r.LightFunctionQuality:1]]
[2020.11.01-06.44.01:297][  0]LogConfig: Setting CVar [[r.ShadowQuality:5]]
[2020.11.01-06.44.01:297][  0]LogConfig: Setting CVar [[r.Shadow.CSM.MaxCascades:10]]
[2020.11.01-06.44.01:297][  0]LogConfig: Setting CVar [[r.Shadow.MaxResolution:2048]]
[2020.11.01-06.44.01:297][  0]LogConfig: Setting CVar [[r.Shadow.MaxCSMResolution:2048]]
[2020.11.01-06.44.01:297][  0]LogConfig: Setting CVar [[r.Shadow.RadiusThreshold:0.01]]
[2020.11.01-06.44.01:297][  0]LogConfig: Setting CVar [[r.Shadow.DistanceScale:1.0]]
[2020.11.01-06.44.01:297][  0]LogConfig: Setting CVar [[r.Shadow.CSM.TransitionScale:1.0]]
[2020.11.01-06.44.01:297][  0]LogConfig: Setting CVar [[r.Shadow.PreShadowResolutionFactor:1.0]]
[2020.11.01-06.44.01:297][  0]LogConfig: Setting CVar [[r.DistanceFieldShadowing:1]]
[2020.11.01-06.44.01:297][  0]LogConfig: Setting CVar [[r.DistanceFieldAO:1]]
[2020.11.01-06.44.01:297][  0]LogConfig: Setting CVar [[r.AOQuality:2]]
[2020.11.01-06.44.01:297][  0]LogConfig: Setting CVar [[r.VolumetricFog:1]]
[2020.11.01-06.44.01:297][  0]LogConfig: Setting CVar [[r.VolumetricFog.GridPixelSize:8]]
[2020.11.01-06.44.01:297][  0]LogConfig: Setting CVar [[r.VolumetricFog.GridSizeZ:128]]
[2020.11.01-06.44.01:297][  0]LogConfig: Setting CVar [[r.VolumetricFog.HistoryMissSupersampleCount:4]]
[2020.11.01-06.44.01:297][  0]LogConfig: Setting CVar [[r.LightMaxDrawDistanceScale:1]]
[2020.11.01-06.44.01:297][  0]LogConfig: Setting CVar [[r.CapsuleShadows:1]]
[2020.11.01-06.44.01:297][  0]LogConfig: Applying CVar settings from Section [PostProcessQuality@3] File [C:/Users/6884423/Documents/Unreal Projects/SurvivalHorror/Saved/Config/Windows/Scalability.ini]
[2020.11.01-06.44.01:297][  0]LogConfig: Setting CVar [[r.MotionBlurQuality:4]]
[2020.11.01-06.44.01:297][  0]LogConfig: Setting CVar [[r.AmbientOcclusionMipLevelFactor:0.4]]
[2020.11.01-06.44.01:297][  0]LogConfig: Setting CVar [[r.AmbientOcclusionMaxQuality:100]]
[2020.11.01-06.44.01:297][  0]LogConfig: Setting CVar [[r.AmbientOcclusionLevels:-1]]
[2020.11.01-06.44.01:297][  0]LogConfig: Setting CVar [[r.AmbientOcclusionRadiusScale:1.0]]
[2020.11.01-06.44.01:297][  0]LogConfig: Setting CVar [[r.DepthOfFieldQuality:2]]
[2020.11.01-06.44.01:297][  0]LogConfig: Setting CVar [[r.RenderTargetPoolMin:400]]
[2020.11.01-06.44.01:297][  0]LogConfig: Setting CVar [[r.LensFlareQuality:2]]
[2020.11.01-06.44.01:297][  0]LogConfig: Setting CVar [[r.SceneColorFringeQuality:1]]
[2020.11.01-06.44.01:297][  0]LogConfig: Setting CVar [[r.EyeAdaptationQuality:2]]
[2020.11.01-06.44.01:297][  0]LogConfig: Setting CVar [[r.BloomQuality:5]]
[2020.11.01-06.44.01:297][  0]LogConfig: Setting CVar [[r.FastBlurThreshold:100]]
[2020.11.01-06.44.01:297][  0]LogConfig: Setting CVar [[r.Upscale.Quality:3]]
[2020.11.01-06.44.01:297][  0]LogConfig: Setting CVar [[r.Tonemapper.GrainQuantization:1]]
[2020.11.01-06.44.01:297][  0]LogConfig: Setting CVar [[r.LightShaftQuality:1]]
[2020.11.01-06.44.01:297][  0]LogConfig: Setting CVar [[r.Filter.SizeScale:1]]
[2020.11.01-06.44.01:297][  0]LogConfig: Setting CVar [[r.Tonemapper.Quality:5]]
[2020.11.01-06.44.01:297][  0]LogConfig: Setting CVar [[r.DOF.Gather.AccumulatorQuality:1        ; higher gathering accumulator quality]]
[2020.11.01-06.44.01:297][  0]LogConfig: Setting CVar [[r.DOF.Gather.PostfilterMethod:1          ; Median3x3 postfilering method]]
[2020.11.01-06.44.01:297][  0]LogConfig: Setting CVar [[r.DOF.Gather.EnableBokehSettings:0       ; no bokeh simulation when gathering]]
[2020.11.01-06.44.01:297][  0]LogConfig: Setting CVar [[r.DOF.Gather.RingCount:4                 ; medium number of samples when gathering]]
[2020.11.01-06.44.01:297][  0]LogConfig: Setting CVar [[r.DOF.Scatter.ForegroundCompositing:1    ; additive foreground scattering]]
[2020.11.01-06.44.01:297][  0]LogConfig: Setting CVar [[r.DOF.Scatter.BackgroundCompositing:2    ; additive background scattering]]
[2020.11.01-06.44.01:297][  0]LogConfig: Setting CVar [[r.DOF.Scatter.EnableBokehSettings:1      ; bokeh simulation when scattering]]
[2020.11.01-06.44.01:297][  0]LogConfig: Setting CVar [[r.DOF.Scatter.MaxSpriteRatio:0.1         ; only a maximum of 10% of scattered bokeh]]
[2020.11.01-06.44.01:297][  0]LogConfig: Setting CVar [[r.DOF.Recombine.Quality:1                ; cheap slight out of focus]]
[2020.11.01-06.44.01:297][  0]LogConfig: Setting CVar [[r.DOF.Recombine.EnableBokehSettings:0    ; no bokeh simulation on slight out of focus]]
[2020.11.01-06.44.01:297][  0]LogConfig: Setting CVar [[r.DOF.TemporalAAQuality:1                ; more stable temporal accumulation]]
[2020.11.01-06.44.01:297][  0]LogConfig: Setting CVar [[r.DOF.Kernel.MaxForegroundRadius:0.025]]
[2020.11.01-06.44.01:297][  0]LogConfig: Setting CVar [[r.DOF.Kernel.MaxBackgroundRadius:0.025]]
[2020.11.01-06.44.01:297][  0]LogConfig: Applying CVar settings from Section [TextureQuality@3] File [C:/Users/6884423/Documents/Unreal Projects/SurvivalHorror/Saved/Config/Windows/Scalability.ini]
[2020.11.01-06.44.01:297][  0]LogConfig: Setting CVar [[r.Streaming.MipBias:0]]
[2020.11.01-06.44.01:297][  0]LogConfig: Setting CVar [[r.Streaming.AmortizeCPUToGPUCopy:0]]
[2020.11.01-06.44.01:297][  0]LogConfig: Setting CVar [[r.Streaming.MaxNumTexturesToStreamPerFrame:0]]
[2020.11.01-06.44.01:297][  0]LogConfig: Setting CVar [[r.Streaming.Boost:1]]
[2020.11.01-06.44.01:297][  0]LogConfig: Setting CVar [[r.MaxAnisotropy:8]]
[2020.11.01-06.44.01:297][  0]LogConfig: Setting CVar [[r.VT.MaxAnisotropy:8]]
[2020.11.01-06.44.01:297][  0]LogConfig: Setting CVar [[r.Streaming.LimitPoolSizeToVRAM:0]]
[2020.11.01-06.44.01:298][  0]LogConfig: Setting CVar [[r.Streaming.PoolSize:1000]]
[2020.11.01-06.44.01:298][  0]LogConfig: Setting CVar [[r.Streaming.MaxEffectiveScreenSize:0]]
[2020.11.01-06.44.01:298][  0]LogConfig: Applying CVar settings from Section [EffectsQuality@3] File [C:/Users/6884423/Documents/Unreal Projects/SurvivalHorror/Saved/Config/Windows/Scalability.ini]
[2020.11.01-06.44.01:298][  0]LogConfig: Setting CVar [[r.TranslucencyLightingVolumeDim:64]]
[2020.11.01-06.44.01:298][  0]LogConfig: Setting CVar [[r.RefractionQuality:2]]
[2020.11.01-06.44.01:298][  0]LogConfig: Setting CVar [[r.SSR.Quality:3]]
[2020.11.01-06.44.01:298][  0]LogConfig: Setting CVar [[r.SSR.HalfResSceneColor:0]]
[2020.11.01-06.44.01:298][  0]LogConfig: Setting CVar [[r.SceneColorFormat:4]]
[2020.11.01-06.44.01:298][  0]LogConfig: Setting CVar [[r.DetailMode:2]]
[2020.11.01-06.44.01:298][  0]LogConfig: Setting CVar [[r.TranslucencyVolumeBlur:1]]
[2020.11.01-06.44.01:298][  0]LogConfig: Setting CVar [[r.MaterialQualityLevel:1 ; High quality]]
[2020.11.01-06.44.01:298][  0]LogConfig: Setting CVar [[r.SSS.Scale:1]]
[2020.11.01-06.44.01:298][  0]LogConfig: Setting CVar [[r.SSS.SampleSet:2]]
[2020.11.01-06.44.01:298][  0]LogConfig: Setting CVar [[r.SSS.Quality:1]]
[2020.11.01-06.44.01:298][  0]LogConfig: Setting CVar [[r.SSS.HalfRes:0]]
[2020.11.01-06.44.01:298][  0]LogConfig: Setting CVar [[r.SSGI.Quality:3]]
[2020.11.01-06.44.01:298][  0]LogConfig: Setting CVar [[r.EmitterSpawnRateScale:1.0]]
[2020.11.01-06.44.01:298][  0]LogConfig: Setting CVar [[r.ParticleLightQuality:2]]
[2020.11.01-06.44.01:298][  0]LogConfig: Setting CVar [[r.SkyAtmosphere.AerialPerspectiveLUT.FastApplyOnOpaque:1 ; Always have FastSkyLUT 1 in this case to avoid wrong sky]]
[2020.11.01-06.44.01:298][  0]LogConfig: Setting CVar [[r.SkyAtmosphere.AerialPerspectiveLUT.SampleCountPerSlice:1]]
[2020.11.01-06.44.01:298][  0]LogConfig: Setting CVar [[r.SkyAtmosphere.AerialPerspectiveLUT.DepthResolution:16.0]]
[2020.11.01-06.44.01:298][  0]LogConfig: Setting CVar [[r.SkyAtmosphere.FastSkyLUT:1]]
[2020.11.01-06.44.01:298][  0]LogConfig: Setting CVar [[r.SkyAtmosphere.FastSkyLUT.SampleCountMin:4.0]]
[2020.11.01-06.44.01:298][  0]LogConfig: Setting CVar [[r.SkyAtmosphere.FastSkyLUT.SampleCountMax:32.0]]
[2020.11.01-06.44.01:298][  0]LogConfig: Setting CVar [[r.SkyAtmosphere.SampleCountMin:4.0]]
[2020.11.01-06.44.01:298][  0]LogConfig: Setting CVar [[r.SkyAtmosphere.SampleCountMax:32.0]]
[2020.11.01-06.44.01:298][  0]LogConfig: Setting CVar [[r.SkyAtmosphere.TransmittanceLUT.UseSmallFormat:0]]
[2020.11.01-06.44.01:298][  0]LogConfig: Setting CVar [[r.SkyAtmosphere.TransmittanceLUT.SampleCount:10.0]]
[2020.11.01-06.44.01:298][  0]LogConfig: Setting CVar [[r.SkyAtmosphere.MultiScatteringLUT.SampleCount:15.0]]
[2020.11.01-06.44.01:298][  0]LogConfig: Applying CVar settings from Section [FoliageQuality@3] File [C:/Users/6884423/Documents/Unreal Projects/SurvivalHorror/Saved/Config/Windows/Scalability.ini]
[2020.11.01-06.44.01:298][  0]LogConfig: Setting CVar [[foliage.DensityScale:1.0]]
[2020.11.01-06.44.01:298][  0]LogConfig: Setting CVar [[grass.DensityScale:1.0]]
[2020.11.01-06.44.01:298][  0]LogConfig: Applying CVar settings from Section [ShadingQuality@3] File [C:/Users/6884423/Documents/Unreal Projects/SurvivalHorror/Saved/Config/Windows/Scalability.ini]
[2020.11.01-06.44.01:298][  0]LogConfig: Setting CVar [[r.HairStrands.SkyLighting.SampleCount:16]]
[2020.11.01-06.44.01:298][  0]LogConfig: Setting CVar [[r.HairStrands.SkyLighting.JitterIntegration:0]]
[2020.11.01-06.44.01:298][  0]LogConfig: Setting CVar [[r.HairStrands.SkyAO.SampleCount:16]]
[2020.11.01-06.44.01:298][  0]LogConfig: Setting CVar [[r.HairStrands.DeepShadow.SuperSampling:0]]
[2020.11.01-06.44.01:298][  0]LogConfig: Setting CVar [[r.HairStrands.VisibilityPPLL:0]]
[2020.11.01-06.44.01:298][  0]LogConfig: Setting CVar [[r.HairStrands.RasterizationScale:0.5]]
[2020.11.01-06.44.01:298][  0]LogConfig: Setting CVar [[r.HairStrands.VelocityRasterizationScale:1]]
[2020.11.01-06.44.01:298][  0]LogInit: Selected Device Profile: [Windows]
[2020.11.01-06.44.01:298][  0]LogInit: Applying CVar settings loaded from the selected device profile: [Windows]
[2020.11.01-06.44.01:298][  0]LogHAL: Display: Platform has ~ 16 GB [17066782720 / 17179869184 / 16], which maps to Larger [LargestMinGB=32, LargerMinGB=12, DefaultMinGB=8, SmallerMinGB=6, SmallestMinGB=0)
[2020.11.01-06.44.01:298][  0]LogInit: Going up to parent DeviceProfile []
[2020.11.01-06.44.01:298][  0]LogConfig: Applying CVar settings from Section [ViewDistanceQuality@3] File [C:/Users/6884423/Documents/Unreal Projects/SurvivalHorror/Saved/Config/Windows/Scalability.ini]
[2020.11.01-06.44.01:298][  0]LogConfig: Setting CVar [[r.SkeletalMeshLODBias:0]]
[2020.11.01-06.44.01:298][  0]LogConfig: Setting CVar [[r.ViewDistanceScale:1.0]]
[2020.11.01-06.44.01:298][  0]LogConfig: Applying CVar settings from Section [AntiAliasingQuality@3] File [C:/Users/6884423/Documents/Unreal Projects/SurvivalHorror/Saved/Config/Windows/Scalability.ini]
[2020.11.01-06.44.01:298][  0]LogConfig: Setting CVar [[r.PostProcessAAQuality:4]]
[2020.11.01-06.44.01:298][  0]LogConfig: Applying CVar settings from Section [ShadowQuality@3] File [C:/Users/6884423/Documents/Unreal Projects/SurvivalHorror/Saved/Config/Windows/Scalability.ini]
[2020.11.01-06.44.01:298][  0]LogConfig: Setting CVar [[r.LightFunctionQuality:1]]
[2020.11.01-06.44.01:298][  0]LogConfig: Setting CVar [[r.ShadowQuality:5]]
[2020.11.01-06.44.01:298][  0]LogConfig: Setting CVar [[r.Shadow.CSM.MaxCascades:10]]
[2020.11.01-06.44.01:298][  0]LogConfig: Setting CVar [[r.Shadow.MaxResolution:2048]]
[2020.11.01-06.44.01:298][  0]LogConfig: Setting CVar [[r.Shadow.MaxCSMResolution:2048]]
[2020.11.01-06.44.01:298][  0]LogConfig: Setting CVar [[r.Shadow.RadiusThreshold:0.01]]
[2020.11.01-06.44.01:298][  0]LogConfig: Setting CVar [[r.Shadow.DistanceScale:1.0]]
[2020.11.01-06.44.01:298][  0]LogConfig: Setting CVar [[r.Shadow.CSM.TransitionScale:1.0]]
[2020.11.01-06.44.01:298][  0]LogConfig: Setting CVar [[r.Shadow.PreShadowResolutionFactor:1.0]]
[2020.11.01-06.44.01:298][  0]LogConfig: Setting CVar [[r.DistanceFieldShadowing:1]]
[2020.11.01-06.44.01:298][  0]LogConfig: Setting CVar [[r.DistanceFieldAO:1]]
[2020.11.01-06.44.01:298][  0]LogConfig: Setting CVar [[r.AOQuality:2]]
[2020.11.01-06.44.01:298][  0]LogConfig: Setting CVar [[r.VolumetricFog:1]]
[2020.11.01-06.44.01:298][  0]LogConfig: Setting CVar [[r.VolumetricFog.GridPixelSize:8]]
[2020.11.01-06.44.01:298][  0]LogConfig: Setting CVar [[r.VolumetricFog.GridSizeZ:128]]
[2020.11.01-06.44.01:298][  0]LogConfig: Setting CVar [[r.VolumetricFog.HistoryMissSupersampleCount:4]]
[2020.11.01-06.44.01:298][  0]LogConfig: Setting CVar [[r.LightMaxDrawDistanceScale:1]]
[2020.11.01-06.44.01:298][  0]LogConfig: Setting CVar [[r.CapsuleShadows:1]]
[2020.11.01-06.44.01:298][  0]LogConfig: Applying CVar settings from Section [PostProcessQuality@3] File [C:/Users/6884423/Documents/Unreal Projects/SurvivalHorror/Saved/Config/Windows/Scalability.ini]
[2020.11.01-06.44.01:298][  0]LogConfig: Setting CVar [[r.MotionBlurQuality:4]]
[2020.11.01-06.44.01:298][  0]LogConfig: Setting CVar [[r.AmbientOcclusionMipLevelFactor:0.4]]
[2020.11.01-06.44.01:298][  0]LogConfig: Setting CVar [[r.AmbientOcclusionMaxQuality:100]]
[2020.11.01-06.44.01:298][  0]LogConfig: Setting CVar [[r.AmbientOcclusionLevels:-1]]
[2020.11.01-06.44.01:298][  0]LogConfig: Setting CVar [[r.AmbientOcclusionRadiusScale:1.0]]
[2020.11.01-06.44.01:298][  0]LogConfig: Setting CVar [[r.DepthOfFieldQuality:2]]
[2020.11.01-06.44.01:298][  0]LogConfig: Setting CVar [[r.RenderTargetPoolMin:400]]
[2020.11.01-06.44.01:298][  0]LogConfig: Setting CVar [[r.LensFlareQuality:2]]
[2020.11.01-06.44.01:298][  0]LogConfig: Setting CVar [[r.SceneColorFringeQuality:1]]
[2020.11.01-06.44.01:298][  0]LogConfig: Setting CVar [[r.EyeAdaptationQuality:2]]
[2020.11.01-06.44.01:298][  0]LogConfig: Setting CVar [[r.BloomQuality:5]]
[2020.11.01-06.44.01:298][  0]LogConfig: Setting CVar [[r.FastBlurThreshold:100]]
[2020.11.01-06.44.01:298][  0]LogConfig: Setting CVar [[r.Upscale.Quality:3]]
[2020.11.01-06.44.01:298][  0]LogConfig: Setting CVar [[r.Tonemapper.GrainQuantization:1]]
[2020.11.01-06.44.01:298][  0]LogConfig: Setting CVar [[r.LightShaftQuality:1]]
[2020.11.01-06.44.01:298][  0]LogConfig: Setting CVar [[r.Filter.SizeScale:1]]
[2020.11.01-06.44.01:298][  0]LogConfig: Setting CVar [[r.Tonemapper.Quality:5]]
[2020.11.01-06.44.01:298][  0]LogConfig: Setting CVar [[r.DOF.Gather.AccumulatorQuality:1        ; higher gathering accumulator quality]]
[2020.11.01-06.44.01:298][  0]LogConfig: Setting CVar [[r.DOF.Gather.PostfilterMethod:1          ; Median3x3 postfilering method]]
[2020.11.01-06.44.01:298][  0]LogConfig: Setting CVar [[r.DOF.Gather.EnableBokehSettings:0       ; no bokeh simulation when gathering]]
[2020.11.01-06.44.01:298][  0]LogConfig: Setting CVar [[r.DOF.Gather.RingCount:4                 ; medium number of samples when gathering]]
[2020.11.01-06.44.01:298][  0]LogConfig: Setting CVar [[r.DOF.Scatter.ForegroundCompositing:1    ; additive foreground scattering]]
[2020.11.01-06.44.01:298][  0]LogConfig: Setting CVar [[r.DOF.Scatter.BackgroundCompositing:2    ; additive background scattering]]
[2020.11.01-06.44.01:298][  0]LogConfig: Setting CVar [[r.DOF.Scatter.EnableBokehSettings:1      ; bokeh simulation when scattering]]
[2020.11.01-06.44.01:298][  0]LogConfig: Setting CVar [[r.DOF.Scatter.MaxSpriteRatio:0.1         ; only a maximum of 10% of scattered bokeh]]
[2020.11.01-06.44.01:298][  0]LogConfig: Setting CVar [[r.DOF.Recombine.Quality:1                ; cheap slight out of focus]]
[2020.11.01-06.44.01:298][  0]LogConfig: Setting CVar [[r.DOF.Recombine.EnableBokehSettings:0    ; no bokeh simulation on slight out of focus]]
[2020.11.01-06.44.01:298][  0]LogConfig: Setting CVar [[r.DOF.TemporalAAQuality:1                ; more stable temporal accumulation]]
[2020.11.01-06.44.01:298][  0]LogConfig: Setting CVar [[r.DOF.Kernel.MaxForegroundRadius:0.025]]
[2020.11.01-06.44.01:298][  0]LogConfig: Setting CVar [[r.DOF.Kernel.MaxBackgroundRadius:0.025]]
[2020.11.01-06.44.01:298][  0]LogConfig: Applying CVar settings from Section [TextureQuality@3] File [C:/Users/6884423/Documents/Unreal Projects/SurvivalHorror/Saved/Config/Windows/Scalability.ini]
[2020.11.01-06.44.01:298][  0]LogConfig: Setting CVar [[r.Streaming.MipBias:0]]
[2020.11.01-06.44.01:298][  0]LogConfig: Setting CVar [[r.Streaming.AmortizeCPUToGPUCopy:0]]
[2020.11.01-06.44.01:298][  0]LogConfig: Setting CVar [[r.Streaming.MaxNumTexturesToStreamPerFrame:0]]
[2020.11.01-06.44.01:298][  0]LogConfig: Setting CVar [[r.Streaming.Boost:1]]
[2020.11.01-06.44.01:298][  0]LogConfig: Setting CVar [[r.MaxAnisotropy:8]]
[2020.11.01-06.44.01:298][  0]LogConfig: Setting CVar [[r.VT.MaxAnisotropy:8]]
[2020.11.01-06.44.01:298][  0]LogConfig: Setting CVar [[r.Streaming.LimitPoolSizeToVRAM:0]]
[2020.11.01-06.44.01:298][  0]LogConfig: Setting CVar [[r.Streaming.PoolSize:1000]]
[2020.11.01-06.44.01:298][  0]LogConfig: Setting CVar [[r.Streaming.MaxEffectiveScreenSize:0]]
[2020.11.01-06.44.01:298][  0]LogConfig: Applying CVar settings from Section [EffectsQuality@3] File [C:/Users/6884423/Documents/Unreal Projects/SurvivalHorror/Saved/Config/Windows/Scalability.ini]
[2020.11.01-06.44.01:298][  0]LogConfig: Setting CVar [[r.TranslucencyLightingVolumeDim:64]]
[2020.11.01-06.44.01:298][  0]LogConfig: Setting CVar [[r.RefractionQuality:2]]
[2020.11.01-06.44.01:298][  0]LogConfig: Setting CVar [[r.SSR.Quality:3]]
[2020.11.01-06.44.01:298][  0]LogConfig: Setting CVar [[r.SSR.HalfResSceneColor:0]]
[2020.11.01-06.44.01:298][  0]LogConfig: Setting CVar [[r.SceneColorFormat:4]]
[2020.11.01-06.44.01:298][  0]LogConfig: Setting CVar [[r.DetailMode:2]]
[2020.11.01-06.44.01:298][  0]LogConfig: Setting CVar [[r.TranslucencyVolumeBlur:1]]
[2020.11.01-06.44.01:298][  0]LogConfig: Setting CVar [[r.MaterialQualityLevel:1 ; High quality]]
[2020.11.01-06.44.01:299][  0]LogConfig: Setting CVar [[r.SSS.Scale:1]]
[2020.11.01-06.44.01:299][  0]LogConfig: Setting CVar [[r.SSS.SampleSet:2]]
[2020.11.01-06.44.01:299][  0]LogConfig: Setting CVar [[r.SSS.Quality:1]]
[2020.11.01-06.44.01:299][  0]LogConfig: Setting CVar [[r.SSS.HalfRes:0]]
[2020.11.01-06.44.01:299][  0]LogConfig: Setting CVar [[r.SSGI.Quality:3]]
[2020.11.01-06.44.01:299][  0]LogConfig: Setting CVar [[r.EmitterSpawnRateScale:1.0]]
[2020.11.01-06.44.01:299][  0]LogConfig: Setting CVar [[r.ParticleLightQuality:2]]
[2020.11.01-06.44.01:299][  0]LogConfig: Setting CVar [[r.SkyAtmosphere.AerialPerspectiveLUT.FastApplyOnOpaque:1 ; Always have FastSkyLUT 1 in this case to avoid wrong sky]]
[2020.11.01-06.44.01:299][  0]LogConfig: Setting CVar [[r.SkyAtmosphere.AerialPerspectiveLUT.SampleCountPerSlice:1]]
[2020.11.01-06.44.01:299][  0]LogConfig: Setting CVar [[r.SkyAtmosphere.AerialPerspectiveLUT.DepthResolution:16.0]]
[2020.11.01-06.44.01:299][  0]LogConfig: Setting CVar [[r.SkyAtmosphere.FastSkyLUT:1]]
[2020.11.01-06.44.01:299][  0]LogConfig: Setting CVar [[r.SkyAtmosphere.FastSkyLUT.SampleCountMin:4.0]]
[2020.11.01-06.44.01:299][  0]LogConfig: Setting CVar [[r.SkyAtmosphere.FastSkyLUT.SampleCountMax:32.0]]
[2020.11.01-06.44.01:299][  0]LogConfig: Setting CVar [[r.SkyAtmosphere.SampleCountMin:4.0]]
[2020.11.01-06.44.01:299][  0]LogConfig: Setting CVar [[r.SkyAtmosphere.SampleCountMax:32.0]]
[2020.11.01-06.44.01:299][  0]LogConfig: Setting CVar [[r.SkyAtmosphere.TransmittanceLUT.UseSmallFormat:0]]
[2020.11.01-06.44.01:299][  0]LogConfig: Setting CVar [[r.SkyAtmosphere.TransmittanceLUT.SampleCount:10.0]]
[2020.11.01-06.44.01:299][  0]LogConfig: Setting CVar [[r.SkyAtmosphere.MultiScatteringLUT.SampleCount:15.0]]
[2020.11.01-06.44.01:299][  0]LogConfig: Applying CVar settings from Section [FoliageQuality@3] File [C:/Users/6884423/Documents/Unreal Projects/SurvivalHorror/Saved/Config/Windows/Scalability.ini]
[2020.11.01-06.44.01:299][  0]LogConfig: Setting CVar [[foliage.DensityScale:1.0]]
[2020.11.01-06.44.01:299][  0]LogConfig: Setting CVar [[grass.DensityScale:1.0]]
[2020.11.01-06.44.01:299][  0]LogConfig: Applying CVar settings from Section [ShadingQuality@3] File [C:/Users/6884423/Documents/Unreal Projects/SurvivalHorror/Saved/Config/Windows/Scalability.ini]
[2020.11.01-06.44.01:299][  0]LogConfig: Setting CVar [[r.HairStrands.SkyLighting.SampleCount:16]]
[2020.11.01-06.44.01:299][  0]LogConfig: Setting CVar [[r.HairStrands.SkyLighting.JitterIntegration:0]]
[2020.11.01-06.44.01:299][  0]LogConfig: Setting CVar [[r.HairStrands.SkyAO.SampleCount:16]]
[2020.11.01-06.44.01:299][  0]LogConfig: Setting CVar [[r.HairStrands.DeepShadow.SuperSampling:0]]
[2020.11.01-06.44.01:299][  0]LogConfig: Setting CVar [[r.HairStrands.VisibilityPPLL:0]]
[2020.11.01-06.44.01:299][  0]LogConfig: Setting CVar [[r.HairStrands.RasterizationScale:0.5]]
[2020.11.01-06.44.01:299][  0]LogConfig: Setting CVar [[r.HairStrands.VelocityRasterizationScale:1]]
[2020.11.01-06.44.01:299][  0]LogConfig: Applying CVar settings from Section [Startup] File [../../../Engine/Config/ConsoleVariables.ini]
[2020.11.01-06.44.01:299][  0]LogConfig: Setting CVar [[net.UseAdaptiveNetUpdateFrequency:0]]
[2020.11.01-06.44.01:299][  0]LogConfig: Setting CVar [[p.chaos.AllowCreatePhysxBodies:1]]
[2020.11.01-06.44.01:299][  0]LogConfig: Setting CVar [[fx.SkipVectorVMBackendOptimizations:1]]
[2020.11.01-06.44.01:299][  0]LogConfig: Applying CVar settings from Section [ConsoleVariables] File [C:/Users/6884423/Documents/Unreal Projects/SurvivalHorror/Saved/Config/Windows/Engine.ini]
[2020.11.01-06.44.01:299][  0]LogInit: Computer: DESKTOP-OM07LO2
[2020.11.01-06.44.01:299][  0]LogInit: User: 6884423
[2020.11.01-06.44.01:299][  0]LogInit: CPU Page size=4096, Cores=8
[2020.11.01-06.44.01:299][  0]LogInit: High frequency timer resolution =10.000000 MHz
[2020.11.01-06.44.01:300][  0]LogMemory: Memory total: Physical=15.9GB (16GB approx)
[2020.11.01-06.44.01:300][  0]LogMemory: Platform Memory Stats for Windows
[2020.11.01-06.44.01:300][  0]LogMemory: Process Physical Memory: 116.03 MB used, 116.03 MB peak
[2020.11.01-06.44.01:300][  0]LogMemory: Process Virtual Memory: 98.11 MB used, 98.11 MB peak
[2020.11.01-06.44.01:300][  0]LogMemory: Physical Memory: 7933.41 MB used,  8342.75 MB free, 16276.15 MB total
[2020.11.01-06.44.01:300][  0]LogMemory: Virtual Memory: 5186.59 MB used,  134212544.00 MB free, 134217728.00 MB total
[2020.11.01-06.44.01:510][  0]LogWindows: WindowsPlatformFeatures enabled
[2020.11.01-06.44.01:539][  0]LogInit: Physics initialised using underlying interface: PhysX
[2020.11.01-06.44.01:539][  0]LogInit: Overriding language with editor language configuration option (en).
[2020.11.01-06.44.01:539][  0]LogInit: Overriding locale with editor locale configuration option (en).
[2020.11.01-06.44.01:712][  0]LogInit: Setting process to per monitor DPI aware
[2020.11.01-06.44.01:771][  0]LogSlate: New Slate User Created.  User Index 0, Is Virtual User: 0
[2020.11.01-06.44.01:771][  0]LogSlate: Slate User Registered.  User Index 0, Is Virtual User: 0
[2020.11.01-06.44.01:905][  0]LogHMD: Failed to initialize OpenVR with code 110
[2020.11.01-06.44.01:905][  0]LogD3D11RHI: D3D11 min allowed feature level: 11_0
[2020.11.01-06.44.01:905][  0]LogD3D11RHI: D3D11 max allowed feature level: 11_0
[2020.11.01-06.44.01:905][  0]LogD3D11RHI: D3D11 adapters:
[2020.11.01-06.44.01:949][  0]LogD3D11RHI:    0. 'AMD Radeon Pro 5500M' (Feature Level 11_0)
[2020.11.01-06.44.01:949][  0]LogD3D11RHI:       4055/0/8138 MB DedicatedVideo/DedicatedSystem/SharedSystem, Outputs:2, VendorId:0x1002
[2020.11.01-06.44.01:952][  0]LogD3D11RHI:    1. 'Microsoft Basic Render Driver' (Feature Level 11_0)
[2020.11.01-06.44.01:952][  0]LogD3D11RHI:       0/0/8138 MB DedicatedVideo/DedicatedSystem/SharedSystem, Outputs:0, VendorId:0x1414
[2020.11.01-06.44.01:952][  0]LogD3D11RHI: Chosen D3D11 Adapter: 0
[2020.11.01-06.44.01:961][  0]LogD3D11RHI: Creating new Direct3DDevice
[2020.11.01-06.44.01:961][  0]LogD3D11RHI:     GPU DeviceId: 0x7340 (for the marketing name, search the web for "GPU Device Id")
[2020.11.01-06.44.01:961][  0]LogWindows: EnumDisplayDevices:
[2020.11.01-06.44.01:961][  0]LogWindows:    0. 'AMD Radeon Pro 5500M' (P:0 D:1)
[2020.11.01-06.44.01:961][  0]LogWindows:    1. 'AMD Radeon Pro 5500M' (P:1 D:1)
[2020.11.01-06.44.01:962][  0]LogWindows:    2. 'AMD Radeon Pro 5500M' (P:0 D:0)
[2020.11.01-06.44.01:962][  0]LogWindows:    3. 'AMD Radeon Pro 5500M' (P:0 D:0)
[2020.11.01-06.44.01:962][  0]LogWindows:    4. 'AMD Radeon Pro 5500M' (P:0 D:0)
[2020.11.01-06.44.01:962][  0]LogWindows:    5. 'AMD Radeon Pro 5500M' (P:0 D:0)
[2020.11.01-06.44.01:963][  0]LogWindows:    6. 'AMD Radeon Pro 5500M' (P:0 D:0)
[2020.11.01-06.44.01:963][  0]LogWindows: DebugString: FoundDriverCount:7 
[2020.11.01-06.44.01:963][  0]LogD3D11RHI:     Adapter Name: AMD Radeon Pro 5500M
[2020.11.01-06.44.01:963][  0]LogD3D11RHI:   Driver Version: Adrenalin 2020 20.9.2 (internal:27.20.12031.1000, unified:27.20.12031.1000)
[2020.11.01-06.44.01:963][  0]LogD3D11RHI:      Driver Date: 9-22-2020
[2020.11.01-06.44.01:963][  0]LogRHI: Texture pool is 2413 MB (70% of 3447 MB)
[2020.11.01-06.44.02:015][  0]LogD3D11RHI: RHI has support for 64 bit atomics
[2020.11.01-06.44.02:015][  0]LogD3D11RHI: Async texture creation enabled
[2020.11.01-06.44.02:015][  0]LogD3D11RHI: Array index from any shader is supported
[2020.11.01-06.44.02:041][  0]LogD3D11RHI: GPU Timing Frequency: 100.000000 (Debug: 2 1)
[2020.11.01-06.44.02:344][  0]LogTargetPlatformManager: Display: Loaded TargetPlatform 'AllDesktop'
[2020.11.01-06.44.02:370][  0]LogTargetPlatformManager: Display: Loaded TargetPlatform 'Android'
[2020.11.01-06.44.02:370][  0]LogTargetPlatformManager: Display: Loaded TargetPlatform 'Android_ASTC'
[2020.11.01-06.44.02:370][  0]LogTargetPlatformManager: Display: Loaded TargetPlatform 'Android_DXT'
[2020.11.01-06.44.02:370][  0]LogTargetPlatformManager: Display: Loaded TargetPlatform 'Android_ETC2'
[2020.11.01-06.44.02:370][  0]LogTargetPlatformManager: Display: Loaded TargetPlatform 'AndroidClient'
[2020.11.01-06.44.02:370][  0]LogTargetPlatformManager: Display: Loaded TargetPlatform 'Android_ASTCClient'
[2020.11.01-06.44.02:370][  0]LogTargetPlatformManager: Display: Loaded TargetPlatform 'Android_DXTClient'
[2020.11.01-06.44.02:370][  0]LogTargetPlatformManager: Display: Loaded TargetPlatform 'Android_ETC2Client'
[2020.11.01-06.44.02:370][  0]LogTargetPlatformManager: Display: Loaded TargetPlatform 'Android_Multi'
[2020.11.01-06.44.02:370][  0]LogTargetPlatformManager: Display: Loaded TargetPlatform 'Android_MultiClient'
[2020.11.01-06.44.02:399][  0]LogTargetPlatformManager: Display: Loaded TargetPlatform 'IOSClient'
[2020.11.01-06.44.02:399][  0]LogTargetPlatformManager: Display: Loaded TargetPlatform 'IOS'
[2020.11.01-06.44.02:413][  0]LogTargetPlatformManager: Display: Loaded TargetPlatform 'Linux'
[2020.11.01-06.44.02:424][  0]LogTargetPlatformManager: Display: Loaded TargetPlatform 'LinuxNoEditor'
[2020.11.01-06.44.02:436][  0]LogTargetPlatformManager: Display: Loaded TargetPlatform 'LinuxClient'
[2020.11.01-06.44.02:445][  0]LogTargetPlatformManager: Display: Loaded TargetPlatform 'LinuxServer'
[2020.11.01-06.44.02:460][  0]LogTargetPlatformManager: Display: Loaded TargetPlatform 'LinuxAArch64NoEditor'
[2020.11.01-06.44.02:474][  0]LogTargetPlatformManager: Display: Loaded TargetPlatform 'LinuxAArch64Client'
[2020.11.01-06.44.02:488][  0]LogTargetPlatformManager: Display: Loaded TargetPlatform 'LinuxAArch64Server'
[2020.11.01-06.44.02:530][  0]LogTargetPlatformManager: Display: Loaded TargetPlatform 'Lumin'
[2020.11.01-06.44.02:530][  0]LogTargetPlatformManager: Display: Loaded TargetPlatform 'LuminClient'
[2020.11.01-06.44.02:556][  0]LogTargetPlatformManager: Display: Loaded TargetPlatform 'TVOSClient'
[2020.11.01-06.44.02:556][  0]LogTargetPlatformManager: Display: Loaded TargetPlatform 'TVOS'
[2020.11.01-06.44.02:572][  0]LogTargetPlatformManager: Display: Loaded TargetPlatform 'WindowsNoEditor'
[2020.11.01-06.44.02:588][  0]LogTargetPlatformManager: Display: Loaded TargetPlatform 'Windows'
[2020.11.01-06.44.02:603][  0]LogTargetPlatformManager: Display: Loaded TargetPlatform 'WindowsClient'
[2020.11.01-06.44.02:618][  0]LogTargetPlatformManager: Display: Loaded TargetPlatform 'WindowsServer'
[2020.11.01-06.44.02:619][  0]LogTargetPlatformManager: Display: Building Assets For Windows
[2020.11.01-06.44.02:632][  0]LogAudioDebug: Display: Lib vorbis DLL was dynamically loaded.
[2020.11.01-06.44.02:727][  0]LogShaderCompilers: Guid format shader working directory is -25 characters bigger than the processId version (../../../../../../Users/6884423/Documents/Unreal Projects/SurvivalHorror/Intermediate/Shaders/WorkingDirectory/18192/).
[2020.11.01-06.44.02:727][  0]LogShaderCompilers: Cleaned the shader compiler working directory 'C:/Users/6884423/AppData/Local/Temp/UnrealShaderWorkingDir/5954E5534141F9271ADFDD9189AA770C/'.
[2020.11.01-06.44.02:728][  0]LogXGEController: Cannot use XGE Controller as Incredibuild is not installed on this machine.
[2020.11.01-06.44.02:728][  0]LogShaderCompilers: Cannot use XGE Shader Compiler as Incredibuild is not installed on this machine.
[2020.11.01-06.44.02:728][  0]LogShaderCompilers: Display: Using Local Shader Compiler.
[2020.11.01-06.44.03:920][  0]LogDerivedDataCache: Display: Max Cache Size: 512 MB
[2020.11.01-06.44.03:993][  0]LogDerivedDataCache: Loaded boot cache 0.07s 76MB C:/Users/6884423/AppData/Local/UnrealEngine/4.25/DerivedDataCache/Boot.ddc.
[2020.11.01-06.44.03:993][  0]LogDerivedDataCache: Display: Loaded Boot cache: C:/Users/6884423/AppData/Local/UnrealEngine/4.25/DerivedDataCache/Boot.ddc
[2020.11.01-06.44.03:993][  0]LogDerivedDataCache: FDerivedDataBackendGraph:  Pak pak cache file ../../../../../../Users/6884423/Documents/Unreal Projects/SurvivalHorror/DerivedDataCache/DDC.ddp not found, will not use a pak cache.
[2020.11.01-06.44.03:993][  0]LogDerivedDataCache: Unable to find inner node Pak for hierarchical cache Hierarchy.
[2020.11.01-06.44.03:993][  0]LogDerivedDataCache: FDerivedDataBackendGraph:  CompressedPak pak cache file ../../../../../../Users/6884423/Documents/Unreal Projects/SurvivalHorror/DerivedDataCache/Compressed.ddp not found, will not use a pak cache.
[2020.11.01-06.44.03:993][  0]LogDerivedDataCache: Unable to find inner node CompressedPak for hierarchical cache Hierarchy.
[2020.11.01-06.44.04:009][  0]LogDerivedDataCache: Display: Pak cache opened for reading ../../../Engine/DerivedDataCache/Compressed.ddp.
[2020.11.01-06.44.04:009][  0]LogDerivedDataCache: FDerivedDataBackendGraph:  EnterprisePak pak cache file ../../../Enterprise/DerivedDataCache/Compressed.ddp not found, will not use a pak cache.
[2020.11.01-06.44.04:009][  0]LogDerivedDataCache: Unable to find inner node EnterprisePak for hierarchical cache Hierarchy.
[2020.11.01-06.44.04:010][  0]LogDerivedDataCache: Using Local data cache path C:/Users/6884423/AppData/Local/UnrealEngine/Common/DerivedDataCache: Writable
[2020.11.01-06.44.04:010][  0]LogDerivedDataCache: Shared data cache path not found in *engine.ini, will not use an Shared cache.
[2020.11.01-06.44.04:010][  0]LogDerivedDataCache: Unable to find inner node Shared for hierarchical cache Hierarchy.
[2020.11.01-06.44.04:087][  0]LogSlate: Using FreeType 2.10.0
[2020.11.01-06.44.04:088][  0]LogSlate: SlateFontServices - WITH_FREETYPE: 1, WITH_HARFBUZZ: 1
[2020.11.01-06.44.04:131][  0]LogAssetRegistry: FAssetRegistry took 0.0049 seconds to start up
[2020.11.01-06.44.04:468][  0]LogInit: Selected Device Profile: [Windows]
[2020.11.01-06.44.04:642][  0]LogMeshReduction: Using QuadricMeshReduction for automatic static mesh reduction
[2020.11.01-06.44.04:643][  0]LogMeshReduction: Using SimplygonMeshReduction for automatic skeletal mesh reduction
[2020.11.01-06.44.04:643][  0]LogMeshReduction: Using ProxyLODMeshReduction for automatic mesh merging
[2020.11.01-06.44.04:643][  0]LogMeshReduction: No distributed automatic mesh merging module available
[2020.11.01-06.44.04:643][  0]LogMeshMerging: No distributed automatic mesh merging module available
[2020.11.01-06.44.04:675][  0]LogNetVersion: SurvivalHorror 1.0.0, NetCL: 13144385, EngineNetVer: 14, GameNetVer: 0 (Checksum: 3663562073)
[2020.11.01-06.44.05:298][  0]LogAISub: UAISubsystem::UAISubsystem AISubsystem (000001D42621D380), frame # 0
[2020.11.01-06.44.05:298][  0]LogAISub: UAISubsystem::UAISubsystem AIPerceptionSystem (000001D4261A4900), frame # 0
[2020.11.01-06.44.05:299][  0]LogAISub: UAISubsystem::UAISubsystem EnvQueryManager (000001D4261C5E00), frame # 0
[2020.11.01-06.44.05:377][  0]LogPackageLocalizationCache: Processed 19 localized package path(s) for 1 prioritized culture(s) in 0.069824 seconds
[2020.11.01-06.44.05:385][  0]LogUObjectArray: 15917 objects as part of root set at end of initial load.
[2020.11.01-06.44.05:385][  0]LogUObjectAllocator: 3965568 out of 0 bytes used by permanent object pool.
[2020.11.01-06.44.05:385][  0]LogUObjectArray: CloseDisregardForGC: 0/0 objects in disregard for GC pool
[2020.11.01-06.44.05:896][  0]LogTcpMessaging: Initializing TcpMessaging bridge
[2020.11.01-06.44.05:902][  0]LogUdpMessaging: Initializing bridge on interface 0.0.0.0:0 to multicast group 230.0.0.1:6666.
[2020.11.01-06.44.06:021][  0]SourceControl: Source control is disabled
[2020.11.01-06.44.06:021][  0]SourceControl: Source control is disabled
[2020.11.01-06.44.06:025][  0]SourceControl: Source control is disabled
[2020.11.01-06.44.06:030][  0]SourceControl: Source control is disabled
[2020.11.01-06.44.06:040][  0]SourceControl: Source control is disabled
[2020.11.01-06.44.06:060][  0]LogVSAccessor: Display: Unable to create Visual Studio setup instance: 80040154
[2020.11.01-06.44.06:060][  0]LogVSAccessor: Display: Unable to create Visual Studio setup instance: 80040154
[2020.11.01-06.44.06:412][  0]LogAndroidPermission: UAndroidPermissionCallbackProxy::GetInstance
[2020.11.01-06.44.06:442][  0]LogAudioCaptureCore: Display: No Audio Capture implementations found. Audio input will be silent.
[2020.11.01-06.44.06:442][  0]LogAudioCaptureCore: Display: No Audio Capture implementations found. Audio input will be silent.
[2020.11.01-06.44.06:514][  0]LogOcInput: OculusInput pre-init called
[2020.11.01-06.44.06:530][  0]LogWindows: Failed to load 'OVRPlugin.dll' (GetLastError=126)
[2020.11.01-06.44.06:530][  0]LogWindows: File 'OVRPlugin.dll' does not exist
[2020.11.01-06.44.06:620][  0]LogEngine: Initializing Engine...
[2020.11.01-06.44.06:622][  0]LogHMD: Failed to initialize OpenVR with code 110
[2020.11.01-06.44.06:622][  0]LogMagicLeap: Warning: VR disabled because ZI is not enabled.  To enable, in the editor, Edit -> Project Settings -> Plugins -> Magic Leap Plugin -> Enable Zero Iteration
[2020.11.01-06.44.06:623][  0]LogStats: UGameplayTagsManager::InitializeManager -  0.000 s
[2020.11.01-06.44.06:803][  0]LogInit: Initializing FReadOnlyCVARCache
[2020.11.01-06.44.06:813][  0]LogAIModule: Creating AISystem for world Untitled
[2020.11.01-06.44.06:813][  0]LogAISub: UAISubsystem::UAISubsystem EnvQueryManager (000001D430A1FC00), frame # 0
[2020.11.01-06.44.06:814][  0]LogAISub: UAISubsystem::UAISubsystem AIPerceptionSystem (000001D430ABE0C0), frame # 0
[2020.11.01-06.44.06:851][  0]LogAudioMixer: Display: Audio Mixer Platform Settings:
[2020.11.01-06.44.06:852][  0]LogAudioMixer: Display: 	Sample Rate:						  48000
[2020.11.01-06.44.06:852][  0]LogAudioMixer: Display: 	Callback Buffer Frame Size Requested: 1024
[2020.11.01-06.44.06:852][  0]LogAudioMixer: Display: 	Callback Buffer Frame Size To Use:	  1024
[2020.11.01-06.44.06:852][  0]LogAudioMixer: Display: 	Number of buffers to queue:			  2
[2020.11.01-06.44.06:852][  0]LogAudioMixer: Display: 	Max Channels (voices):				  32
[2020.11.01-06.44.06:852][  0]LogAudioMixer: Display: 	Number of Async Source Workers:		  0
[2020.11.01-06.44.06:852][  0]LogAudio: Display: AudioDevice MaxSources: 32
[2020.11.01-06.44.06:852][  0]LogAudio: Display: Using built-in audio occlusion.
[2020.11.01-06.44.06:852][  0]LogAudioMixer: Display: Initializing audio mixer.
[2020.11.01-06.44.06:953][  0]LogAudioMixer: Display: 0: FrontLeft
[2020.11.01-06.44.06:953][  0]LogAudioMixer: Display: 1: FrontRight
[2020.11.01-06.44.06:953][  0]LogAudioMixer: Display: 2: FrontCenter
[2020.11.01-06.44.06:953][  0]LogAudioMixer: Display: 3: LowFrequency
[2020.11.01-06.44.06:953][  0]LogAudioMixer: Display: 4: BackLeft
[2020.11.01-06.44.06:953][  0]LogAudioMixer: Display: 5: BackRight
[2020.11.01-06.44.06:953][  0]LogAudioMixer: Display: 6: SideLeft
[2020.11.01-06.44.06:953][  0]LogAudioMixer: Display: 7: SideRight
[2020.11.01-06.44.07:194][  0]LogAudioMixer: Display: Using Audio Device Fones de ouvido (Alienware 510H)
[2020.11.01-06.44.07:195][  0]LogAudioMixer: Display: Initializing Sound Submixes...
[2020.11.01-06.44.07:197][  0]LogAudioMixer: Display: Creating Master Submix 'MasterSubmixDefault'
[2020.11.01-06.44.07:197][  0]LogAudioMixer: Display: Creating Master Submix 'MasterReverbSubmixDefault'
[2020.11.01-06.44.07:198][  0]LogAudioMixer: Display: Creating Master Submix 'MasterEQSubmixDefault'
[2020.11.01-06.44.07:200][  0]LogInit: FAudioDevice initialized.
[2020.11.01-06.44.07:200][  0]LogNetVersion: Set ProjectVersion to 1.0.0.0. Version Checksum will be recalculated on next use.
[2020.11.01-06.44.07:255][  0]LogDerivedDataCache: Saved boot cache 0.06s 76MB C:/Users/6884423/AppData/Local/UnrealEngine/4.25/DerivedDataCache/Boot.ddc.
[2020.11.01-06.44.07:260][  0]LogInit: Texture streaming: Enabled
[2020.11.01-06.44.07:278][  0]LogEngineSessionManager: EngineSessionManager initialized
[2020.11.01-06.44.07:278][  0]LogEditorSessionSummary: Verbose: Initializing EditorSessionSummaryWriter for editor session tracking
[2020.11.01-06.44.07:279][  0]LogEditorSessionSummary: EditorSessionSummaryWriter initialized
[2020.11.01-06.44.07:331][  0]LogInit: Transaction tracking system initialized
[2020.11.01-06.44.07:355][  0]BlueprintLog: New page: Editor Load
[2020.11.01-06.44.07:453][  0]LocalizationService: Localization service is disabled
[2020.11.01-06.44.07:545][  0]LogVSAccessor: Display: Unable to create Visual Studio setup instance: 80040154
[2020.11.01-06.44.07:546][  0]LogVSAccessor: Display: Unable to create Visual Studio setup instance: 80040154
[2020.11.01-06.44.07:606][  0]LogCook: Display: Max memory allowance for cook 16384mb min free memory 0mb
[2020.11.01-06.44.07:606][  0]LogCook: Display: Mobile HDR setting 1
[2020.11.01-06.44.07:614][  0]LogFileCache: Scanning file cache for directory 'C:/Users/6884423/Documents/Unreal Projects/SurvivalHorror/Content/' took 0.00s
[2020.11.01-06.44.07:943][  0]SourceControl: Source control is disabled
[2020.11.01-06.44.08:066][  0]LogSlate: Took 0.000176 seconds to synchronously load lazily loaded font '../../../Engine/Content/Slate/Fonts/Roboto-Regular.ttf' (155K)
[2020.11.01-06.44.18:087][  0]LogSlate: Window 'Restore Packages' being destroyed
[2020.11.01-06.44.18:087][  0]LogWindowsTextInputMethodSystem: Display: IME system now deactivated.
[2020.11.01-06.44.18:131][  0]LogWindowsTextInputMethodSystem: Display: IME system now deactivated.
[2020.11.01-06.44.18:133][  0]LogUnrealEdMisc: Loading editor; pre map load, took 18.203
[2020.11.01-06.44.18:134][  0]Cmd: MAP LOAD FILE="../../../../../../Users/6884423/Documents/Unreal Projects/SurvivalHorror/Content/ThirdPersonBP/Maps/ThirdPersonExampleMap.umap" TEMPLATE=0 SHOWPROGRESS=1 FEATURELEVEL=3
[2020.11.01-06.44.18:134][  0]LightingResults: New page: Lighting Build
[2020.11.01-06.44.18:135][  0]LogWorld: UWorld::CleanupWorld for Untitled, bSessionEnded=true, bCleanupResources=true
[2020.11.01-06.44.18:135][  0]LogSlate: InvalidateAllWidgets triggered.  All widgets were invalidated
[2020.11.01-06.44.18:135][  0]MapCheck: New page: Map Check
[2020.11.01-06.44.18:135][  0]LightingResults: New page: Lighting Build
[2020.11.01-06.44.18:148][  0]LogAISub: UAISubsystem::~UAISubsystem EnvQueryManager (000001D430A1FC00), frame # 0
[2020.11.01-06.44.18:148][  0]LogAISub: UAISubsystem::~UAISubsystem AIPerceptionSystem (000001D430ABE0C0), frame # 0
[2020.11.01-06.44.18:150][  0]LogUObjectHash: Compacting FUObjectHashTables data took   1.41ms
[2020.11.01-06.44.18:381][  0]LogAIModule: Creating AISystem for world ThirdPersonExampleMap
[2020.11.01-06.44.18:381][  0]LogAISub: UAISubsystem::UAISubsystem EnvQueryManager (000001D4397EFE00), frame # 0
[2020.11.01-06.44.18:381][  0]LogAISub: UAISubsystem::UAISubsystem AIPerceptionSystem (000001D43982AAC0), frame # 0
[2020.11.01-06.44.18:391][  0]LogEditorServer: Finished looking for orphan Actors (0.000 secs)
[2020.11.01-06.44.18:412][  0]LogUObjectHash: Compacting FUObjectHashTables data took   1.33ms
[2020.11.01-06.44.18:414][  0]Cmd: MAP CHECKDEP NOCLEARLOG
[2020.11.01-06.44.18:414][  0]MapCheck: Map check complete: 0 Error(s), 0 Warning(s), took 0.15ms to complete.
[2020.11.01-06.44.18:414][  0]LogFileHelpers: Loading map 'ThirdPersonExampleMap' took 0.281
[2020.11.01-06.44.18:415][  0]LogUnrealEdMisc: Total Editor Startup Time, took 18.486
[2020.11.01-06.44.18:527][  0]LogSlate: Updating window title bar state: overlay mode, drag disabled, window buttons hidden, title bar hidden
[2020.11.01-06.44.18:534][  0]LogSlate: Updating window title bar state: overlay mode, drag disabled, window buttons hidden, title bar hidden
[2020.11.01-06.44.18:540][  0]LogSlate: Updating window title bar state: overlay mode, drag disabled, window buttons hidden, title bar hidden
[2020.11.01-06.44.18:546][  0]LogSlate: Updating window title bar state: overlay mode, drag disabled, window buttons hidden, title bar hidden
[2020.11.01-06.44.18:553][  0]LogCollectionManager: Loaded 0 collections in 0.001272 seconds
[2020.11.01-06.44.18:568][  0]LogFileCache: Scanning file cache for directory 'C:/Users/6884423/Documents/Unreal Projects/SurvivalHorror/Saved/Collections/' took 0.00s
[2020.11.01-06.44.18:569][  0]LogFileCache: Scanning file cache for directory 'C:/Users/6884423/Documents/Unreal Projects/SurvivalHorror/Content/Developers/6884423/Collections/' took 0.00s
[2020.11.01-06.44.18:569][  0]LogFileCache: Scanning file cache for directory 'C:/Users/6884423/Documents/Unreal Projects/SurvivalHorror/Content/Collections/' took 0.00s
[2020.11.01-06.44.18:569][  0]LogContentBrowser: Native class hierarchy populated in 0.0086 seconds. Added 3427 classes and 821 folders.
[2020.11.01-06.44.18:570][  0]LogContentBrowser: Native class hierarchy updated for 'WidgetCarousel' in 0.0002 seconds. Added 0 classes and 0 folders.
[2020.11.01-06.44.18:606][  0]LogContentBrowser: Native class hierarchy updated for 'AddContentDialog' in 0.0002 seconds. Added 0 classes and 0 folders.
[2020.11.01-06.44.18:606][  0]LogContentBrowser: Native class hierarchy updated for 'SceneOutliner' in 0.0002 seconds. Added 2 classes and 0 folders.
[2020.11.01-06.44.18:626][  0]LogSlate: Took 0.000134 seconds to synchronously load lazily loaded font '../../../Engine/Content/Slate/Fonts/Roboto-Bold.ttf' (160K)
[2020.11.01-06.44.18:629][  0]LogSlate: Took 0.000243 seconds to synchronously load lazily loaded font '../../../Engine/Content/Editor/Slate/Fonts/FontAwesome.ttf' (139K)
[2020.11.01-06.44.18:687][  0]LogRenderer: Reallocating scene render targets to support 1208x572 Format 10 NumSamples 1 (Frame:1).
[2020.11.01-06.44.19:017][  0]LogSlate: Window 'Tutorials' being destroyed
[2020.11.01-06.44.19:035][  0]LogContentBrowser: Native class hierarchy updated for 'HierarchicalLODOutliner' in 0.0004 seconds. Added 0 classes and 0 folders.
[2020.11.01-06.44.19:035][  0]LogLoad: (Engine Initialization) Total time: 19.11 seconds
[2020.11.01-06.44.19:035][  0]LogLoad: (Engine Initialization) Total Blueprint compile time: 0.00 seconds
[2020.11.01-06.44.19:086][  0]LogAssetRegistry: Asset discovery search completed in 14.9560 seconds
[2020.11.01-06.44.19:089][  0]LogCollectionManager: Fixed up redirectors for 0 collections in 0.000002 seconds (updated 0 objects)
[2020.11.01-06.44.19:090][  0]LogContentStreaming: Texture pool size now 1000 MB
[2020.11.01-06.44.19:114][  0]LogSlate: Took 0.000106 seconds to synchronously load lazily loaded font '../../../Engine/Content/Slate/Fonts/Roboto-Light.ttf' (167K)
[2020.11.01-06.44.24:405][ 16]LogAudioMixer: Warning: Changing default audio render device to new device: {0.0.0.00000000}.{686b8acc-5160-4ea0-8957-eec2681bfd87}.
[2020.11.01-06.44.24:405][ 16]LogTemp: Resetting audio stream to device id 
[2020.11.01-06.44.24:456][ 16]LogAudioMixer: Display: 0: FrontLeft
[2020.11.01-06.44.24:456][ 16]LogAudioMixer: Display: 1: FrontRight
[2020.11.01-06.44.37:636][ 55]LogRenderer: Reallocating scene render targets to support 1940x1148 Format 10 NumSamples 1 (Frame:5).
[2020.11.01-06.44.42:816][ 68]LogAudioMixer: Warning: Changing default audio render device to new device: {0.0.0.00000000}.{8b15484c-08a5-4455-b25a-a89a2da85f4e}.
[2020.11.01-06.44.42:962][ 68]LogTemp: Resetting audio stream to device id 
[2020.11.01-06.44.43:083][ 68]LogAudioMixer: Display: 0: FrontLeft
[2020.11.01-06.44.43:083][ 68]LogAudioMixer: Display: 1: FrontRight
[2020.11.01-06.45.14:384][229]LogSlate: Took 0.000119 seconds to synchronously load lazily loaded font '../../../Engine/Content/Slate/Fonts/Roboto-Light.ttf' (167K)
[2020.11.01-06.45.14:414][229]LogAssetEditorSubsystem: Opening Asset editor for WidgetBlueprint /Game/ThirdPersonBP/Blueprints/SurvivalHUDWidget.SurvivalHUDWidget
[2020.11.01-06.45.14:607][229]LogContentBrowser: Native class hierarchy updated for 'BlueprintGraph' in 0.0006 seconds. Added 125 classes and 0 folders.
[2020.11.01-06.45.15:358][229]LogSlate: Took 0.000112 seconds to synchronously load lazily loaded font '../../../Engine/Content/Slate/Fonts/Roboto-BoldCondensed.ttf' (158K)
[2020.11.01-06.45.20:520][519]Cmd: SELECT NONE
[2020.11.01-06.45.28:214][977]LogSlate: Window 'SurvivalHUDWidget' being destroyed
[2020.11.01-06.45.28:220][977]LogSlate: Window 'SurvivalHUDWidget' being destroyed
[2020.11.01-06.45.28:224][977]LogWorld: UWorld::CleanupWorld for World_4, bSessionEnded=true, bCleanupResources=true
[2020.11.01-06.45.28:224][977]LogSlate: InvalidateAllWidgets triggered.  All widgets were invalidated
[2020.11.01-06.45.28:229][977]LogWorld: UWorld::CleanupWorld for World_3, bSessionEnded=true, bCleanupResources=true
[2020.11.01-06.45.28:229][977]LogSlate: InvalidateAllWidgets triggered.  All widgets were invalidated
[2020.11.01-06.45.29:563][ 48]LogTemp: Repeating last play command: Selected Viewport
[2020.11.01-06.45.29:576][ 48]LogPlayLevel: PlayLevel: No blueprints needed recompiling
[2020.11.01-06.45.29:577][ 48]PIE: New page: PIE session: ThirdPersonExampleMap (Nov 1, 2020, 1:45:29 AM)
[2020.11.01-06.45.29:578][ 48]LogOnline: OSS: Creating online subsystem instance for: NULL
[2020.11.01-06.45.29:579][ 48]LogOnline: OSS: TryLoadSubsystemAndSetDefault: Loaded subsystem for module [NULL]
[2020.11.01-06.45.29:579][ 48]LogPlayLevel: Creating play world package: /Game/ThirdPersonBP/Maps/UEDPIE_0_ThirdPersonExampleMap
[2020.11.01-06.45.29:593][ 48]LogPlayLevel: PIE: StaticDuplicateObject took: (0.013876s)
[2020.11.01-06.45.29:594][ 48]LogAIModule: Creating AISystem for world ThirdPersonExampleMap
[2020.11.01-06.45.29:594][ 48]LogAISub: UAISubsystem::UAISubsystem EnvQueryManager (000001D4574E2E00), frame # 1048
[2020.11.01-06.45.29:594][ 48]LogAISub: UAISubsystem::UAISubsystem AIPerceptionSystem (000001D472B5D580), frame # 1048
[2020.11.01-06.45.29:594][ 48]LogPlayLevel: PIE: World Init took: (0.000876s)
[2020.11.01-06.45.29:594][ 48]LogPlayLevel: PIE: Created PIE world by copying editor world from /Game/ThirdPersonBP/Maps/ThirdPersonExampleMap.ThirdPersonExampleMap to /Game/ThirdPersonBP/Maps/UEDPIE_0_ThirdPersonExampleMap.ThirdPersonExampleMap (0.014861s)
[2020.11.01-06.45.29:655][ 48]LogUObjectHash: Compacting FUObjectHashTables data took   3.42ms
[2020.11.01-06.45.29:656][ 48]LogAudioMixer: Display: Audio Mixer Platform Settings:
[2020.11.01-06.45.29:656][ 48]LogAudioMixer: Display: 	Sample Rate:						  48000
[2020.11.01-06.45.29:656][ 48]LogAudioMixer: Display: 	Callback Buffer Frame Size Requested: 1024
[2020.11.01-06.45.29:656][ 48]LogAudioMixer: Display: 	Callback Buffer Frame Size To Use:	  1024
[2020.11.01-06.45.29:656][ 48]LogAudioMixer: Display: 	Number of buffers to queue:			  2
[2020.11.01-06.45.29:656][ 48]LogAudioMixer: Display: 	Max Channels (voices):				  32
[2020.11.01-06.45.29:656][ 48]LogAudioMixer: Display: 	Number of Async Source Workers:		  0
[2020.11.01-06.45.29:656][ 48]LogAudio: Display: AudioDevice MaxSources: 32
[2020.11.01-06.45.29:657][ 48]LogAudio: Display: Using built-in audio occlusion.
[2020.11.01-06.45.29:657][ 48]LogAudioMixer: Display: Initializing audio mixer.
[2020.11.01-06.45.29:660][ 48]LogAudioMixer: Display: 0: FrontLeft
[2020.11.01-06.45.29:660][ 48]LogAudioMixer: Display: 1: FrontRight
[2020.11.01-06.45.29:675][ 48]LogAudioMixer: Display: Using Audio Device 1 - AW2521HF (AMD High Definition Audio Device)
[2020.11.01-06.45.29:676][ 48]LogAudioMixer: Display: Initializing Sound Submixes...
[2020.11.01-06.45.29:676][ 48]LogAudioMixer: Display: Creating Master Submix 'MasterSubmixDefault'
[2020.11.01-06.45.29:676][ 48]LogAudioMixer: Display: Creating Master Submix 'MasterReverbSubmixDefault'
[2020.11.01-06.45.29:676][ 48]LogAudioMixer: Display: Creating Master Submix 'MasterEQSubmixDefault'
[2020.11.01-06.45.29:687][ 48]LogInit: FAudioDevice initialized.
[2020.11.01-06.45.29:700][ 48]LogLoad: Game class is 'ThirdPersonGameMode_C'
[2020.11.01-06.45.29:702][ 48]LogWorld: Bringing World /Game/ThirdPersonBP/Maps/UEDPIE_0_ThirdPersonExampleMap.ThirdPersonExampleMap up for play (max tick rate 60) at 2020.11.01-03.45.29
[2020.11.01-06.45.29:702][ 48]LogWorld: Bringing up level for play took: 0.001439
[2020.11.01-06.45.29:702][ 48]LogOnline: OSS: Creating online subsystem instance for: :Context_6
[2020.11.01-06.45.29:704][ 48]LogContentBrowser: Native class hierarchy updated for 'MovieSceneCapture' in 0.0003 seconds. Added 20 classes and 0 folders.
[2020.11.01-06.45.29:705][ 48]PIE: Server logged in
[2020.11.01-06.45.29:705][ 48]PIE: Play in editor total start time 0.13 seconds.
[2020.11.01-06.45.34:062][291]LogSlate: Updating window title bar state: overlay mode, drag disabled, window buttons hidden, title bar hidden
[2020.11.01-06.45.34:062][291]LogWorld: BeginTearingDown for /Game/ThirdPersonBP/Maps/UEDPIE_0_ThirdPersonExampleMap
[2020.11.01-06.45.34:062][291]LogWorld: UWorld::CleanupWorld for ThirdPersonExampleMap, bSessionEnded=true, bCleanupResources=true
[2020.11.01-06.45.34:062][291]LogSlate: InvalidateAllWidgets triggered.  All widgets were invalidated
[2020.11.01-06.45.34:072][291]LogPlayLevel: Display: Shutting down PIE online subsystems
[2020.11.01-06.45.34:077][291]LogSlate: InvalidateAllWidgets triggered.  All widgets were invalidated
[2020.11.01-06.45.34:119][291]LogSlate: Updating window title bar state: overlay mode, drag disabled, window buttons hidden, title bar hidden
[2020.11.01-06.45.34:155][291]LogAISub: UAISubsystem::~UAISubsystem EnvQueryManager (000001D4574E2E00), frame # 1291
[2020.11.01-06.45.34:155][291]LogAISub: UAISubsystem::~UAISubsystem AIPerceptionSystem (000001D472B5D580), frame # 1291
[2020.11.01-06.45.34:158][291]LogUObjectHash: Compacting FUObjectHashTables data took   3.28ms
[2020.11.01-06.45.34:186][292]LogPlayLevel: Display: Destroying online subsystem :Context_6
[2020.11.01-06.45.38:325][532]LogTemp: Repeating last play command: Selected Viewport
[2020.11.01-06.45.38:338][532]LogPlayLevel: PlayLevel: No blueprints needed recompiling
[2020.11.01-06.45.38:338][532]PIE: New page: PIE session: ThirdPersonExampleMap (Nov 1, 2020, 1:45:38 AM)
[2020.11.01-06.45.38:381][532]LogPlayLevel: Creating play world package: /Game/ThirdPersonBP/Maps/UEDPIE_0_ThirdPersonExampleMap
[2020.11.01-06.45.38:389][532]LogPlayLevel: PIE: StaticDuplicateObject took: (0.008541s)
[2020.11.01-06.45.38:390][532]LogAIModule: Creating AISystem for world ThirdPersonExampleMap
[2020.11.01-06.45.38:390][532]LogAISub: UAISubsystem::UAISubsystem EnvQueryManager (000001D47DC14600), frame # 1532
[2020.11.01-06.45.38:390][532]LogAISub: UAISubsystem::UAISubsystem AIPerceptionSystem (000001D472A06200), frame # 1532
[2020.11.01-06.45.38:391][532]LogPlayLevel: PIE: World Init took: (0.001299s)
[2020.11.01-06.45.38:391][532]LogPlayLevel: PIE: Created PIE world by copying editor world from /Game/ThirdPersonBP/Maps/ThirdPersonExampleMap.ThirdPersonExampleMap to /Game/ThirdPersonBP/Maps/UEDPIE_0_ThirdPersonExampleMap.ThirdPersonExampleMap (0.010028s)
[2020.11.01-06.45.38:419][532]LogUObjectHash: Compacting FUObjectHashTables data took   1.54ms
[2020.11.01-06.45.38:420][532]LogAudioMixer: Display: Audio Mixer Platform Settings:
[2020.11.01-06.45.38:420][532]LogAudioMixer: Display: 	Sample Rate:						  48000
[2020.11.01-06.45.38:420][532]LogAudioMixer: Display: 	Callback Buffer Frame Size Requested: 1024
[2020.11.01-06.45.38:420][532]LogAudioMixer: Display: 	Callback Buffer Frame Size To Use:	  1024
[2020.11.01-06.45.38:420][532]LogAudioMixer: Display: 	Number of buffers to queue:			  2
[2020.11.01-06.45.38:420][532]LogAudioMixer: Display: 	Max Channels (voices):				  32
[2020.11.01-06.45.38:420][532]LogAudioMixer: Display: 	Number of Async Source Workers:		  0
[2020.11.01-06.45.38:420][532]LogAudio: Display: AudioDevice MaxSources: 32
[2020.11.01-06.45.38:421][532]LogAudio: Display: Using built-in audio occlusion.
[2020.11.01-06.45.38:421][532]LogAudioMixer: Display: Initializing audio mixer.
[2020.11.01-06.45.38:424][532]LogAudioMixer: Display: 0: FrontLeft
[2020.11.01-06.45.38:424][532]LogAudioMixer: Display: 1: FrontRight
[2020.11.01-06.45.38:438][532]LogAudioMixer: Display: Using Audio Device 1 - AW2521HF (AMD High Definition Audio Device)
[2020.11.01-06.45.38:438][532]LogAudioMixer: Display: Initializing Sound Submixes...
[2020.11.01-06.45.38:438][532]LogAudioMixer: Display: Creating Master Submix 'MasterSubmixDefault'
[2020.11.01-06.45.38:438][532]LogAudioMixer: Display: Creating Master Submix 'MasterReverbSubmixDefault'
[2020.11.01-06.45.38:438][532]LogAudioMixer: Display: Creating Master Submix 'MasterEQSubmixDefault'
[2020.11.01-06.45.38:449][532]LogInit: FAudioDevice initialized.
[2020.11.01-06.45.38:456][532]LogLoad: Game class is 'ThirdPersonGameMode_C'
[2020.11.01-06.45.38:458][532]LogWorld: Bringing World /Game/ThirdPersonBP/Maps/UEDPIE_0_ThirdPersonExampleMap.ThirdPersonExampleMap up for play (max tick rate 60) at 2020.11.01-03.45.38
[2020.11.01-06.45.38:458][532]LogWorld: Bringing up level for play took: 0.001205
[2020.11.01-06.45.38:458][532]LogOnline: OSS: Creating online subsystem instance for: :Context_7
[2020.11.01-06.45.38:459][532]PIE: Server logged in
[2020.11.01-06.45.38:460][532]PIE: Play in editor total start time 0.123 seconds.
[2020.11.01-06.45.40:042][623]LogSlate: Updating window title bar state: overlay mode, drag disabled, window buttons hidden, title bar hidden
[2020.11.01-06.45.40:042][623]LogWorld: BeginTearingDown for /Game/ThirdPersonBP/Maps/UEDPIE_0_ThirdPersonExampleMap
[2020.11.01-06.45.40:042][623]LogWorld: UWorld::CleanupWorld for ThirdPersonExampleMap, bSessionEnded=true, bCleanupResources=true
[2020.11.01-06.45.40:042][623]LogSlate: InvalidateAllWidgets triggered.  All widgets were invalidated
[2020.11.01-06.45.40:053][623]LogPlayLevel: Display: Shutting down PIE online subsystems
[2020.11.01-06.45.40:056][623]LogSlate: InvalidateAllWidgets triggered.  All widgets were invalidated
[2020.11.01-06.45.40:084][623]LogSlate: Updating window title bar state: overlay mode, drag disabled, window buttons hidden, title bar hidden
[2020.11.01-06.45.40:084][623]LogAISub: UAISubsystem::~UAISubsystem AIPerceptionSystem (000001D472A06200), frame # 1623
[2020.11.01-06.45.40:084][623]LogAISub: UAISubsystem::~UAISubsystem EnvQueryManager (000001D47DC14600), frame # 1623
[2020.11.01-06.45.40:086][623]LogUObjectHash: Compacting FUObjectHashTables data took   1.47ms
[2020.11.01-06.45.40:118][624]LogPlayLevel: Display: Destroying online subsystem :Context_7
[2020.11.01-06.45.59:819][781]LogFactory: FactoryCreateFile: Texture with ReimportTextureFactory (0 0 C:\Users\6884423\Desktop\HungerBarNormal.png)
[2020.11.01-06.45.59:821][781]LogTexture: Display: Building textures: HungerBarNormal (BGRA8, 295X49)
[2020.11.01-06.45.59:827][781]LogFactory: FactoryCreateFile: Texture with ReimportTextureFactory (0 0 C:\Users\6884423\Desktop\StaminaBarNormal.png)
[2020.11.01-06.45.59:828][781]LogTexture: Display: Building textures: StaminaBarNormal (BGRA8, 295X49)
[2020.11.01-06.46.06:132][151]LogAssetEditorSubsystem: Opening Asset editor for WidgetBlueprint /Game/ThirdPersonBP/Blueprints/SurvivalHUDWidget.SurvivalHUDWidget
[2020.11.01-06.48.02:047][115]LogSavePackage: Moving '../../../../../../Users/6884423/Documents/Unreal Projects/SurvivalHorror/Saved/SurvivalHUDWidget777B8D334F75D8B75DDFB486EC270309.tmp' to '../../../../../../Users/6884423/Documents/Unreal Projects/SurvivalHorror/Content/ThirdPersonBP/Blueprints/SurvivalHUDWidget.uasset'
[2020.11.01-06.48.02:092][115]AssetCheck: New page: Asset Save: SurvivalHUDWidget
[2020.11.01-06.48.02:093][115]LogContentValidation: Display: Validating WidgetBlueprint /Game/ThirdPersonBP/Blueprints/SurvivalHUDWidget.SurvivalHUDWidget
[2020.11.01-06.49.42:384][859]LogSavePackage: Moving '../../../../../../Users/6884423/Documents/Unreal Projects/SurvivalHorror/Saved/SurvivalHUDWidget0C007E484F9CB8709EABBF8BE505E0BC.tmp' to '../../../../../../Users/6884423/Documents/Unreal Projects/SurvivalHorror/Content/ThirdPersonBP/Blueprints/SurvivalHUDWidget.uasset'
[2020.11.01-06.49.42:410][859]AssetCheck: New page: Asset Save: SurvivalHUDWidget
[2020.11.01-06.49.42:410][859]LogContentValidation: Display: Validating WidgetBlueprint /Game/ThirdPersonBP/Blueprints/SurvivalHUDWidget.SurvivalHUDWidget
[2020.11.01-06.49.43:364][915]LogSlate: Window 'SurvivalHUDWidget' being destroyed
[2020.11.01-06.49.43:378][915]LogWorld: UWorld::CleanupWorld for World_6, bSessionEnded=true, bCleanupResources=true
[2020.11.01-06.49.43:378][915]LogSlate: InvalidateAllWidgets triggered.  All widgets were invalidated
[2020.11.01-06.49.43:396][915]LogWorld: UWorld::CleanupWorld for World_5, bSessionEnded=true, bCleanupResources=true
[2020.11.01-06.49.43:396][915]LogSlate: InvalidateAllWidgets triggered.  All widgets were invalidated
[2020.11.01-06.49.44:261][955]LogUObjectHash: Compacting FUObjectHashTables data took   2.11ms
[2020.11.01-06.49.44:290][955]LogSavePackage: Moving '../../../../../../Users/6884423/Documents/Unreal Projects/SurvivalHorror/Saved/ThirdPersonExampleMap19AE3851427966D8DF138CAB59C755E6.tmp' to '../../../../../../Users/6884423/Documents/Unreal Projects/SurvivalHorror/Content/ThirdPersonBP/Maps/ThirdPersonExampleMap.umap'
[2020.11.01-06.49.44:418][955]LogSavePackage: Moving '../../../../../../Users/6884423/Documents/Unreal Projects/SurvivalHorror/Saved/ThirdPersonExampleMap_BuiltData7BF7B0144CA5CB8D4EAAA58905E7C377.tmp' to '../../../../../../Users/6884423/Documents/Unreal Projects/SurvivalHorror/Content/ThirdPersonBP/Maps/ThirdPersonExampleMap_BuiltData.uasset'
[2020.11.01-06.49.44:454][955]AssetCheck: New page: Asset Save: multiple assets
[2020.11.01-06.49.44:454][955]LogContentValidation: Display: Validating World /Game/ThirdPersonBP/Maps/ThirdPersonExampleMap.ThirdPersonExampleMap
[2020.11.01-06.49.44:454][955]LogContentValidation: Display: Validating MapBuildDataRegistry /Game/ThirdPersonBP/Maps/ThirdPersonExampleMap_BuiltData.ThirdPersonExampleMap_BuiltData
[2020.11.01-06.49.48:128][ 21]LogFactory: FactoryCreateFile: Texture with ReimportTextureFactory (0 0 C:\Users\6884423\Desktop\StaminaBarEmpty.png)
[2020.11.01-06.49.48:130][ 21]LogTexture: Display: Building textures: StaminaBarEmpty (BGRA8, 295X49)
[2020.11.01-06.49.48:133][ 21]LogFactory: FactoryCreateFile: Texture with ReimportTextureFactory (0 0 C:\Users\6884423\Desktop\HungerBarEmpty.png)
[2020.11.01-06.49.48:134][ 21]LogTexture: Display: Building textures: HungerBarEmpty (BGRA8, 295X49)
[2020.11.01-06.50.00:575][203]LogAssetEditorSubsystem: Opening Asset editor for WidgetBlueprint /Game/ThirdPersonBP/Blueprints/SurvivalHUDWidget.SurvivalHUDWidget
[2020.11.01-06.50.36:754][876]LogEditorTransaction: Undo Edit Percent
[2020.11.01-06.51.20:472][373]LogSlate: Window 'Color Picker' being destroyed
[2020.11.01-06.51.25:857][692]LogEditorTransaction: Undo Edit Specified Color
[2020.11.01-06.51.48:915][394]LogSavePackage: Moving '../../../../../../Users/6884423/Documents/Unreal Projects/SurvivalHorror/Saved/SurvivalHUDWidget863176E04147D66017AA3A90CF81FFEE.tmp' to '../../../../../../Users/6884423/Documents/Unreal Projects/SurvivalHorror/Content/ThirdPersonBP/Blueprints/SurvivalHUDWidget.uasset'
[2020.11.01-06.51.48:940][394]AssetCheck: New page: Asset Save: SurvivalHUDWidget
[2020.11.01-06.51.48:940][394]LogContentValidation: Display: Validating WidgetBlueprint /Game/ThirdPersonBP/Blueprints/SurvivalHUDWidget.SurvivalHUDWidget
[2020.11.01-06.52.05:828][368]LogEditorTransaction: Undo Resize Widget
[2020.11.01-06.52.17:861][ 60]LogSavePackage: Moving '../../../../../../Users/6884423/Documents/Unreal Projects/SurvivalHorror/Saved/SurvivalHUDWidget8C33C09E481D1CFBE6C0A29176473BFF.tmp' to '../../../../../../Users/6884423/Documents/Unreal Projects/SurvivalHorror/Content/ThirdPersonBP/Blueprints/SurvivalHUDWidget.uasset'
[2020.11.01-06.52.17:878][ 60]AssetCheck: New page: Asset Save: SurvivalHUDWidget
[2020.11.01-06.52.17:879][ 60]LogContentValidation: Display: Validating WidgetBlueprint /Game/ThirdPersonBP/Blueprints/SurvivalHUDWidget.SurvivalHUDWidget
[2020.11.01-06.52.46:362][259]LogSavePackage: Moving '../../../../../../Users/6884423/Documents/Unreal Projects/SurvivalHorror/Saved/SurvivalHUDWidgetE3330D5447ABA7FF2F0865B400AE70AB.tmp' to '../../../../../../Users/6884423/Documents/Unreal Projects/SurvivalHorror/Content/ThirdPersonBP/Blueprints/SurvivalHUDWidget.uasset'
[2020.11.01-06.52.46:375][259]AssetCheck: New page: Asset Save: SurvivalHUDWidget
[2020.11.01-06.52.46:375][259]LogContentValidation: Display: Validating WidgetBlueprint /Game/ThirdPersonBP/Blueprints/SurvivalHUDWidget.SurvivalHUDWidget
